15:27:32 den 9 november 2015: Starting  http://www.folkuniversitetet.se
15:27:33 den 9 november 2015: General exception: System.ArgumentException An item with the same key has already been added. http://www.folkuniversitetet.se/Skolor/Estetiska-skolor/Konstskolan/
15:27:33 den 9 november 2015: General exception: System.ArgumentException An item with the same key has already been added. http://www.folkuniversitetet.se/Skolor/Estetiska-skolor/Konstskolan/
15:27:33 den 9 november 2015: General exception: System.ArgumentException An item with the same key has already been added. http://www.folkuniversitetet.se/Skolor/Estetiska-skolor/Konstskolan/
15:27:33 den 9 november 2015: General exception: System.ArgumentException An item with the same key has already been added. http://www.folkuniversitetet.se/Skolor/Estetiska-skolor/Konstskolan/
15:27:33 den 9 november 2015: General exception: System.ArgumentException An item with the same key has already been added. http://www.folkuniversitetet.se/Skolor/Estetiska-skolor/Konstskolan/
15:27:33 den 9 november 2015: General exception: System.ArgumentException An item with the same key has already been added. http://www.folkuniversitetet.se/Skolor/Estetiska-skolor/Konstskolan/
15:27:33 den 9 november 2015: General exception: System.ArgumentException An item with the same key has already been added. http://www.folkuniversitetet.se/Skolor/Estetiska-skolor/Konstskolan/
15:27:33 den 9 november 2015: General exception: System.ArgumentException An item with the same key has already been added. http://www.folkuniversitetet.se/Skolor/Estetiska-skolor/Silversmide-Smyckesdesign/
15:27:33 den 9 november 2015: General exception: System.ArgumentException An item with the same key has already been added. http://www.folkuniversitetet.se/Skolor/Estetiska-skolor/Silversmide-Smyckesdesign/
15:27:47 den 9 november 2015: General exception: System.ArgumentException An item with the same key has already been added. http://www.folkuniversitetet.se/Har-finns-vi/Stockholm/Puffar/Intervjuer/Det-finns-alltid-en-ratt-plats-for-alla/
15:27:47 den 9 november 2015: General exception: System.ArgumentException An item with the same key has already been added. http://www.folkuniversitetet.se/Har-finns-vi/Stockholm/Puffar/Intervjuer/Det-finns-alltid-en-ratt-plats-for-alla/
15:27:51 den 9 november 2015: General exception: System.ArgumentException An item with the same key has already been added. http://www.folkuniversitetet.se/Har-finns-vi/Umea/Distanskurser/
15:27:52 den 9 november 2015: General exception: System.ArgumentException An item with the same key has already been added. http://www.folkuniversitetet.se/Har-finns-vi/Umea/Distanskurser/
15:27:52 den 9 november 2015: General exception: System.ArgumentException An item with the same key has already been added. http://www.folkuniversitetet.se/Har-finns-vi/Umea/Distanskurser/
15:27:52 den 9 november 2015: General exception: System.ArgumentException An item with the same key has already been added. http://www.folkuniversitetet.se/Har-finns-vi/Umea/Distanskurser/
15:27:54 den 9 november 2015: General exception: System.ArgumentException An item with the same key has already been added. http://www.folkuniversitetet.se/Skolor/Estetiska-skolor/arkitekturskolan-sthlm/Samarbete-med-ETTELVA/
15:27:54 den 9 november 2015: General exception: System.ArgumentException An item with the same key has already been added. http://www.folkuniversitetet.se/Skolor/Estetiska-skolor/arkitekturskolan-sthlm/Samarbete-med-ETTELVA/
15:27:55 den 9 november 2015: General exception: System.ArgumentException An item with the same key has already been added. http://www.folkuniversitetet.se/Skolor/Estetiska-skolor/arkitekturskolan-sthlm/Samarbete-med-ETTELVA/
15:27:56 den 9 november 2015: General exception: System.ArgumentException An item with the same key has already been added. http://www.folkuniversitetet.se/Skolor/Estetiska-skolor/Konstskolan/utbildningen1/
15:27:56 den 9 november 2015: General exception: System.ArgumentException An item with the same key has already been added. http://www.folkuniversitetet.se/Skolor/Estetiska-skolor/Konstskolan/utbildningen1/
15:27:56 den 9 november 2015: General exception: System.ArgumentException An item with the same key has already been added. http://www.folkuniversitetet.se/Skolor/Estetiska-skolor/Konstskolan/utbildningen1/
15:27:57 den 9 november 2015: General exception: System.ArgumentException An item with the same key has already been added. http://www.folkuniversitetet.se/Skolor/Estetiska-skolor/Konstskolan/utbildningen1/
15:27:57 den 9 november 2015: General exception: System.ArgumentException An item with the same key has already been added. http://www.folkuniversitetet.se/Skolor/Estetiska-skolor/Konstskolan/utbildningen1/
15:27:57 den 9 november 2015: General exception: System.ArgumentException An item with the same key has already been added. http://www.folkuniversitetet.se/Skolor/Estetiska-skolor/Konstskolan/utbildningen1/
15:27:57 den 9 november 2015: General exception: System.ArgumentException An item with the same key has already been added. http://www.folkuniversitetet.se/Skolor/Estetiska-skolor/Konstskolan/utbildningen1/
15:27:57 den 9 november 2015: General exception: System.ArgumentException An item with the same key has already been added. http://www.folkuniversitetet.se/Skolor/Estetiska-skolor/Konstskolan/Ansokan/
15:27:57 den 9 november 2015: General exception: System.ArgumentException An item with the same key has already been added. http://www.folkuniversitetet.se/Skolor/Estetiska-skolor/Konstskolan/Ansokan/
15:27:57 den 9 november 2015: General exception: System.ArgumentException An item with the same key has already been added. http://www.folkuniversitetet.se/Skolor/Estetiska-skolor/Konstskolan/Ansokan/
15:27:58 den 9 november 2015: General exception: System.ArgumentException An item with the same key has already been added. http://www.folkuniversitetet.se/Skolor/Estetiska-skolor/Konstskolan/Ansokan/
15:27:58 den 9 november 2015: General exception: System.ArgumentException An item with the same key has already been added. http://www.folkuniversitetet.se/Skolor/Estetiska-skolor/Konstskolan/Ansokan/
15:27:58 den 9 november 2015: General exception: System.ArgumentException An item with the same key has already been added. http://www.folkuniversitetet.se/Skolor/Estetiska-skolor/Konstskolan/Ansokan/
15:27:58 den 9 november 2015: General exception: System.ArgumentException An item with the same key has already been added. http://www.folkuniversitetet.se/Skolor/Estetiska-skolor/Konstskolan/Ansokan/
15:27:58 den 9 november 2015: General exception: System.ArgumentException An item with the same key has already been added. http://www.folkuniversitetet.se/Skolor/Estetiska-skolor/Konstskolan/Vara-larare/
15:27:58 den 9 november 2015: General exception: System.ArgumentException An item with the same key has already been added. http://www.folkuniversitetet.se/Skolor/Estetiska-skolor/Konstskolan/Vara-larare/
15:27:58 den 9 november 2015: General exception: System.ArgumentException An item with the same key has already been added. http://www.folkuniversitetet.se/Skolor/Estetiska-skolor/Konstskolan/Vara-larare/
15:27:59 den 9 november 2015: General exception: System.ArgumentException An item with the same key has already been added. http://www.folkuniversitetet.se/Skolor/Estetiska-skolor/Konstskolan/Vara-larare/
15:27:59 den 9 november 2015: General exception: System.ArgumentException An item with the same key has already been added. http://www.folkuniversitetet.se/Skolor/Estetiska-skolor/Konstskolan/Vara-larare/
15:27:59 den 9 november 2015: General exception: System.ArgumentException An item with the same key has already been added. http://www.folkuniversitetet.se/Skolor/Estetiska-skolor/Konstskolan/Vara-larare/
15:27:59 den 9 november 2015: General exception: System.ArgumentException An item with the same key has already been added. http://www.folkuniversitetet.se/Skolor/Estetiska-skolor/Konstskolan/Vara-larare/
15:27:59 den 9 november 2015: General exception: System.ArgumentException An item with the same key has already been added. http://www.folkuniversitetet.se/Skolor/Estetiska-skolor/Konstskolan/Om-Konstskolan/
15:27:59 den 9 november 2015: General exception: System.ArgumentException An item with the same key has already been added. http://www.folkuniversitetet.se/Skolor/Estetiska-skolor/Konstskolan/Om-Konstskolan/
15:27:59 den 9 november 2015: General exception: System.ArgumentException An item with the same key has already been added. http://www.folkuniversitetet.se/Skolor/Estetiska-skolor/Konstskolan/Om-Konstskolan/
15:28:00 den 9 november 2015: General exception: System.ArgumentException An item with the same key has already been added. http://www.folkuniversitetet.se/Skolor/Estetiska-skolor/Konstskolan/Om-Konstskolan/
15:28:00 den 9 november 2015: General exception: System.ArgumentException An item with the same key has already been added. http://www.folkuniversitetet.se/Skolor/Estetiska-skolor/Konstskolan/Om-Konstskolan/
15:28:00 den 9 november 2015: General exception: System.ArgumentException An item with the same key has already been added. http://www.folkuniversitetet.se/Skolor/Estetiska-skolor/Konstskolan/Om-Konstskolan/
15:28:00 den 9 november 2015: General exception: System.ArgumentException An item with the same key has already been added. http://www.folkuniversitetet.se/Skolor/Estetiska-skolor/Konstskolan/Om-Konstskolan/
15:28:00 den 9 november 2015: General exception: System.ArgumentException An item with the same key has already been added. http://www.folkuniversitetet.se/Skolor/Estetiska-skolor/Konstskolan/Kontakt/
15:28:00 den 9 november 2015: General exception: System.ArgumentException An item with the same key has already been added. http://www.folkuniversitetet.se/Skolor/Estetiska-skolor/Konstskolan/Kontakt/
15:28:00 den 9 november 2015: General exception: System.ArgumentException An item with the same key has already been added. http://www.folkuniversitetet.se/Skolor/Estetiska-skolor/Konstskolan/Kontakt/
15:28:01 den 9 november 2015: General exception: System.ArgumentException An item with the same key has already been added. http://www.folkuniversitetet.se/Skolor/Estetiska-skolor/Konstskolan/Kontakt/
15:28:01 den 9 november 2015: General exception: System.ArgumentException An item with the same key has already been added. http://www.folkuniversitetet.se/Skolor/Estetiska-skolor/Konstskolan/Kontakt/
15:28:01 den 9 november 2015: General exception: System.ArgumentException An item with the same key has already been added. http://www.folkuniversitetet.se/Skolor/Estetiska-skolor/Konstskolan/Kontakt/
15:28:01 den 9 november 2015: General exception: System.ArgumentException An item with the same key has already been added. http://www.folkuniversitetet.se/Skolor/Estetiska-skolor/Konstskolan/Kontakt/
15:28:07 den 9 november 2015: General exception: System.ArgumentException An item with the same key has already been added. http://www.folkuniversitetet.se/Skolor/Estetiska-skolor/Konstskolan/Bilder/
15:28:10 den 9 november 2015: General exception: System.ArgumentException An item with the same key has already been added. http://www.folkuniversitetet.se/Skolor/Estetiska-skolor/Konstskolan/Bilder/
15:28:15 den 9 november 2015: General exception: System.ArgumentException An item with the same key has already been added. http://www.folkuniversitetet.se/Skolor/Estetiska-skolor/Konstskolan/Bilder/
15:28:20 den 9 november 2015: General exception: System.ArgumentException An item with the same key has already been added. http://www.folkuniversitetet.se/Skolor/Estetiska-skolor/Konstskolan/Bilder/
15:28:24 den 9 november 2015: General exception: System.ArgumentException An item with the same key has already been added. http://www.folkuniversitetet.se/Skolor/Estetiska-skolor/Konstskolan/Bilder/
15:28:28 den 9 november 2015: General exception: System.ArgumentException An item with the same key has already been added. http://www.folkuniversitetet.se/Skolor/Estetiska-skolor/Konstskolan/Bilder/
15:28:32 den 9 november 2015: General exception: System.ArgumentException An item with the same key has already been added. http://www.folkuniversitetet.se/Skolor/Estetiska-skolor/Konstskolan/Bilder/
15:28:32 den 9 november 2015: General exception: System.ArgumentException An item with the same key has already been added. http://www.folkuniversitetet.se/Skolor/Estetiska-skolor/Konstskolan/Intervjuer-Konstskolan/intervju-med-andre-miller/
15:28:32 den 9 november 2015: General exception: System.ArgumentException An item with the same key has already been added. http://www.folkuniversitetet.se/Skolor/Estetiska-skolor/Konstskolan/Intervjuer-Konstskolan/intervju-med-andre-miller/
15:28:32 den 9 november 2015: General exception: System.ArgumentException An item with the same key has already been added. http://www.folkuniversitetet.se/Skolor/Estetiska-skolor/Konstskolan/Intervjuer-Konstskolan/intervju-med-andre-miller/
15:28:32 den 9 november 2015: General exception: System.ArgumentException An item with the same key has already been added. http://www.folkuniversitetet.se/Skolor/Estetiska-skolor/Konstskolan/Intervjuer-Konstskolan/intervju-med-andre-miller/
15:28:32 den 9 november 2015: General exception: System.ArgumentException An item with the same key has already been added. http://www.folkuniversitetet.se/Skolor/Estetiska-skolor/Konstskolan/Intervjuer-Konstskolan/intervju-med-andre-miller/
15:28:33 den 9 november 2015: General exception: System.ArgumentException An item with the same key has already been added. http://www.folkuniversitetet.se/Skolor/Estetiska-skolor/Konstskolan/Intervjuer-Konstskolan/intervju-med-andre-miller/
15:28:33 den 9 november 2015: General exception: System.ArgumentException An item with the same key has already been added. http://www.folkuniversitetet.se/Skolor/Estetiska-skolor/Konstskolan/Intervjuer-Konstskolan/intervju-med-andre-miller/
15:28:33 den 9 november 2015: General exception: System.ArgumentException An item with the same key has already been added. http://www.folkuniversitetet.se/Skolor/Estetiska-skolor/Konstskolan/Intervjuer-Konstskolan/Intervju-Stella-Pilback/
15:28:33 den 9 november 2015: General exception: System.ArgumentException An item with the same key has already been added. http://www.folkuniversitetet.se/Skolor/Estetiska-skolor/Konstskolan/Intervjuer-Konstskolan/Intervju-Stella-Pilback/
15:28:33 den 9 november 2015: General exception: System.ArgumentException An item with the same key has already been added. http://www.folkuniversitetet.se/Skolor/Estetiska-skolor/Konstskolan/Intervjuer-Konstskolan/Intervju-Stella-Pilback/
15:28:33 den 9 november 2015: General exception: System.ArgumentException An item with the same key has already been added. http://www.folkuniversitetet.se/Skolor/Estetiska-skolor/Konstskolan/Intervjuer-Konstskolan/Intervju-Stella-Pilback/
15:28:33 den 9 november 2015: General exception: System.ArgumentException An item with the same key has already been added. http://www.folkuniversitetet.se/Skolor/Estetiska-skolor/Konstskolan/Intervjuer-Konstskolan/Intervju-Stella-Pilback/
15:28:33 den 9 november 2015: General exception: System.ArgumentException An item with the same key has already been added. http://www.folkuniversitetet.se/Skolor/Estetiska-skolor/Konstskolan/Intervjuer-Konstskolan/Intervju-Stella-Pilback/
15:28:33 den 9 november 2015: General exception: System.ArgumentException An item with the same key has already been added. http://www.folkuniversitetet.se/Skolor/Estetiska-skolor/Konstskolan/Intervjuer-Konstskolan/Intervju-Stella-Pilback/
15:28:34 den 9 november 2015: General exception: System.ArgumentException An item with the same key has already been added. http://www.folkuniversitetet.se/Skolor/Estetiska-skolor/Konstskolan/Intervjuer-Konstskolan/Intervju-med-Julia-Colliander/
15:28:34 den 9 november 2015: General exception: System.ArgumentException An item with the same key has already been added. http://www.folkuniversitetet.se/Skolor/Estetiska-skolor/Konstskolan/Intervjuer-Konstskolan/Intervju-med-Julia-Colliander/
15:28:34 den 9 november 2015: General exception: System.ArgumentException An item with the same key has already been added. http://www.folkuniversitetet.se/Skolor/Estetiska-skolor/Konstskolan/Intervjuer-Konstskolan/Intervju-med-Julia-Colliander/
15:28:34 den 9 november 2015: General exception: System.ArgumentException An item with the same key has already been added. http://www.folkuniversitetet.se/Skolor/Estetiska-skolor/Konstskolan/Intervjuer-Konstskolan/Intervju-med-Julia-Colliander/
15:28:34 den 9 november 2015: General exception: System.ArgumentException An item with the same key has already been added. http://www.folkuniversitetet.se/Skolor/Estetiska-skolor/Konstskolan/Intervjuer-Konstskolan/Intervju-med-Julia-Colliander/
15:28:35 den 9 november 2015: General exception: System.ArgumentException An item with the same key has already been added. http://www.folkuniversitetet.se/Skolor/Estetiska-skolor/Konstskolan/Intervjuer-Konstskolan/Intervju-med-Julia-Colliander/
15:28:35 den 9 november 2015: General exception: System.ArgumentException An item with the same key has already been added. http://www.folkuniversitetet.se/Skolor/Estetiska-skolor/Konstskolan/Intervjuer-Konstskolan/Intervju-med-Julia-Colliander/
15:28:35 den 9 november 2015: General exception: System.ArgumentException An item with the same key has already been added. http://www.folkuniversitetet.se/Skolor/Estetiska-skolor/Silversmide-Smyckesdesign/Utbildningen/
15:28:35 den 9 november 2015: General exception: System.ArgumentException An item with the same key has already been added. http://www.folkuniversitetet.se/Skolor/Estetiska-skolor/Silversmide-Smyckesdesign/Utbildningen/
15:28:35 den 9 november 2015: General exception: System.ArgumentException An item with the same key has already been added. http://www.folkuniversitetet.se/Skolor/Estetiska-skolor/Silversmide-Smyckesdesign/Ansokan/
15:28:35 den 9 november 2015: General exception: System.ArgumentException An item with the same key has already been added. http://www.folkuniversitetet.se/Skolor/Estetiska-skolor/Silversmide-Smyckesdesign/Ansokan/
15:28:36 den 9 november 2015: General exception: System.ArgumentException An item with the same key has already been added. http://www.folkuniversitetet.se/Skolor/Estetiska-skolor/Silversmide-Smyckesdesign/Vara-larare/
15:28:36 den 9 november 2015: General exception: System.ArgumentException An item with the same key has already been added. http://www.folkuniversitetet.se/Skolor/Estetiska-skolor/Silversmide-Smyckesdesign/Vara-larare/
15:28:36 den 9 november 2015: General exception: System.ArgumentException An item with the same key has already been added. http://www.folkuniversitetet.se/Skolor/Estetiska-skolor/Silversmide-Smyckesdesign/om-skolan/
15:28:36 den 9 november 2015: General exception: System.ArgumentException An item with the same key has already been added. http://www.folkuniversitetet.se/Skolor/Estetiska-skolor/Silversmide-Smyckesdesign/om-skolan/
15:28:36 den 9 november 2015: General exception: System.ArgumentException An item with the same key has already been added. http://www.folkuniversitetet.se/Skolor/Estetiska-skolor/Silversmide-Smyckesdesign/Kontakta-oss/
15:28:37 den 9 november 2015: General exception: System.ArgumentException An item with the same key has already been added. http://www.folkuniversitetet.se/Skolor/Estetiska-skolor/Silversmide-Smyckesdesign/Kontakta-oss/
15:28:43 den 9 november 2015: General exception: System.ArgumentException An item with the same key has already been added. http://www.folkuniversitetet.se/Skolor/Estetiska-skolor/Silversmide-Smyckesdesign/Galleri/
15:28:47 den 9 november 2015: General exception: System.ArgumentException An item with the same key has already been added. http://www.folkuniversitetet.se/Skolor/Estetiska-skolor/Silversmide-Smyckesdesign/Galleri/
15:28:47 den 9 november 2015: General exception: System.ArgumentException An item with the same key has already been added. http://www.folkuniversitetet.se/Skolor/skrivarakademin/Skrivarakademin-i-Stockholm/Puffar/Felicia-Feldt/
15:28:48 den 9 november 2015: General exception: System.ArgumentException An item with the same key has already been added. http://www.folkuniversitetet.se/Skolor/Komvux/Helsingborg/Administrativt-arbete/
15:28:49 den 9 november 2015: General exception: System.ArgumentException An item with the same key has already been added. http://www.folkuniversitetet.se/Skolor/Komvux/Helsingborg/Karnamnen/
15:28:51 den 9 november 2015: General exception: System.ArgumentException An item with the same key has already been added. http://www.folkuniversitetet.se/Skolor/Svenska-for-invandrare-sfi/SFI-Vaxjo/SFI/
15:28:51 den 9 november 2015: General exception: System.ArgumentException An item with the same key has already been added. http://www.folkuniversitetet.se/Skolor/Svenska-for-invandrare-sfi/SFI-Vaxjo/SFI/
15:28:57 den 9 november 2015: General exception: System.ArgumentException An item with the same key has already been added. http://www.folkuniversitetet.se/Arbetsmarknad/stod-och-matchning/alla-orter-och-kontaktadresser/stod-och-matchning-kalmar/foretag-vi-samarbetar-med/
15:29:01 den 9 november 2015: General exception: System.ArgumentException An item with the same key has already been added. http://www.folkuniversitetet.se/Har-finns-vi/Harnosand/Foreningar-i-samarbete/
15:29:03 den 9 november 2015: General exception: System.ArgumentException An item with the same key has already been added. http://www.folkuniversitetet.se/Har-finns-vi/Molndal/Yrkeshogskoleutbildningar/
15:29:04 den 9 november 2015: General exception: System.ArgumentException An item with the same key has already been added. http://www.folkuniversitetet.se/Har-finns-vi/Molndal/Yrkeshogskoleutbildningar/
15:29:04 den 9 november 2015: General exception: System.ArgumentException An item with the same key has already been added. http://www.folkuniversitetet.se/Har-finns-vi/Norrkoping/Puffar/Miljodiplom1/
15:29:05 den 9 november 2015: General exception: System.ArgumentException An item with the same key has already been added. http://www.folkuniversitetet.se/Har-finns-vi/Sundsvall/Foreningar-i-samarbete/
15:29:10 den 9 november 2015: General exception: System.ArgumentException An item with the same key has already been added. http://www.folkuniversitetet.se/Kurser--Utbildningar/Sprakkurser/Italienska/Italienska-specialkurser/Distanskurser/italienska-a1-del-2-distans---enskild-start1/?sr=true
15:29:11 den 9 november 2015: General exception: System.ArgumentException An item with the same key has already been added. http://www.folkuniversitetet.se/Kurser--Utbildningar/Sprakkurser/Italienska/Italienska-specialkurser/Distanskurser/italienska-a1-del-2-distans---enskild-start1/
15:29:12 den 9 november 2015: General exception: System.ArgumentException An item with the same key has already been added. http://www.folkuniversitetet.se/Kurser--Utbildningar/Sprakkurser/Italienska/Italienska-specialkurser/Distanskurser/italienska-a1-del-2-distans---enskild-start/?sr=true
15:29:12 den 9 november 2015: General exception: System.ArgumentException An item with the same key has already been added. http://www.folkuniversitetet.se/Kurser--Utbildningar/Sprakkurser/Italienska/Italienska-specialkurser/Distanskurser/italienska-a1-del-2-distans---enskild-start/
15:29:24 den 9 november 2015: General exception: System.ArgumentException An item with the same key has already been added. http://www.folkuniversitetet.se/Kurser--Utbildningar/Dans-Musik-Teater/Musik/Musikproduktion/Stockholm/musikproduktion-i-cubase-del-3-mixning-grunderna/?sr=true
15:29:25 den 9 november 2015: General exception: System.ArgumentException An item with the same key has already been added. http://www.folkuniversitetet.se/Kurser--Utbildningar/Dans-Musik-Teater/Musik/Musikproduktion/Stockholm/musikproduktion-i-cubase-del-3-mixning-grunderna/
15:29:26 den 9 november 2015: General exception: System.ArgumentException An item with the same key has already been added. http://www.folkuniversitetet.se/Kurser--Utbildningar/Dans-Musik-Teater/Musik/Musikproduktion/Stockholm/musikproduktion-i-cubase-del-4-mixning-forts/?sr=true
15:29:27 den 9 november 2015: General exception: System.ArgumentException An item with the same key has already been added. http://www.folkuniversitetet.se/Kurser--Utbildningar/Dans-Musik-Teater/Musik/Musikproduktion/Stockholm/musikproduktion-i-cubase-del-4-mixning-forts/
15:29:39 den 9 november 2015: General exception: System.ArgumentException An item with the same key has already been added. http://www.folkuniversitetet.se/Las-mer-om-sprak/Sprakexamina/Swedex/Aktuellt/testledarutbildningar-host-2015/
15:29:42 den 9 november 2015: General exception: System.ArgumentException An item with the same key has already been added. http://www.folkuniversitetet.se/Skolor/Yrkeshogskoleutbildning/Yh-oversikt/Halsa/Tandskoterska-Uppsala/ansokan-tandskoterska-uppsala/
15:29:58 den 9 november 2015: General exception: System.ArgumentException An item with the same key has already been added. http://www.folkuniversitetet.se/Bestall-bocker-och-skrifter/Folkuniversitetets-forlag/Vara-sprak/Sverige/Form-i-fokus/
15:29:58 den 9 november 2015: General exception: System.ArgumentException An item with the same key has already been added. http://www.folkuniversitetet.se/Bestall-bocker-och-skrifter/Folkuniversitetets-forlag/Vara-sprak/Sverige/Form-i-fokus/
15:29:58 den 9 november 2015: General exception: System.ArgumentException An item with the same key has already been added. http://www.folkuniversitetet.se/Bestall-bocker-och-skrifter/Folkuniversitetets-forlag/Vara-sprak/Europa/Italienska/Comunicare/
15:29:58 den 9 november 2015: General exception: System.ArgumentException An item with the same key has already been added. http://www.folkuniversitetet.se/Bestall-bocker-och-skrifter/Folkuniversitetets-forlag/Vara-sprak/Europa/Italienska/Comunicare/
15:30:01 den 9 november 2015: General exception: System.ArgumentException An item with the same key has already been added. http://www.folkuniversitetet.se/Kurser--Utbildningar/Dans-Musik-Teater/Teater/Umea/teater---text-och-gestaltning/?sr=true
15:30:02 den 9 november 2015: General exception: System.ArgumentException An item with the same key has already been added. http://www.folkuniversitetet.se/Kurser--Utbildningar/Dans-Musik-Teater/Teater/Umea/teater---text-och-gestaltning/
15:30:03 den 9 november 2015: General exception: System.ArgumentException An item with the same key has already been added. http://www.folkuniversitetet.se/Skolor/Balettakademien-dansskolor/Balettakademien-Umea/Om-Balettakademien/Lankar-till-partners/
15:30:04 den 9 november 2015: General exception: System.ArgumentException An item with the same key has already been added. http://www.folkuniversitetet.se/Skolor/Balettakademien-dansskolor/Balettakademien-Umea/Om-Balettakademien/Lankar-till-partners/
15:30:04 den 9 november 2015: General exception: System.ArgumentException An item with the same key has already been added. http://www.folkuniversitetet.se/Skolor/Balettakademien-dansskolor/Balettakademien-Umea/Om-Balettakademien/Lankar-till-partners/
15:30:04 den 9 november 2015: General exception: System.ArgumentException An item with the same key has already been added. http://www.folkuniversitetet.se/Skolor/Balettakademien-dansskolor/Balettakademien-Umea/Om-Balettakademien/Lankar-till-partners/
15:30:04 den 9 november 2015: General exception: System.ArgumentException An item with the same key has already been added. http://www.folkuniversitetet.se/Skolor/Estetiska-skolor/Art-College/kurspaket/modellteckning-fem-helgkurser/
15:30:04 den 9 november 2015: General exception: System.ArgumentException An item with the same key has already been added. http://www.folkuniversitetet.se/Skolor/Estetiska-skolor/Art-College/kurspaket/designlinjen--konstlinjen/
15:30:04 den 9 november 2015: General exception: System.ArgumentException An item with the same key has already been added. http://www.folkuniversitetet.se/Skolor/Estetiska-skolor/Art-College/kurspaket/diplomerad-grafisk-designer-bas--adobe-paketet--digital-trycksaksproduktion/
15:30:04 den 9 november 2015: General exception: System.ArgumentException An item with the same key has already been added. http://www.folkuniversitetet.se/Skolor/Estetiska-skolor/Art-College/kurspaket/diplomerad-grafisk-designer-bas--adobe-paketet--digital-trycksaksproduktion/
15:30:05 den 9 november 2015: General exception: System.ArgumentException An item with the same key has already been added. http://www.folkuniversitetet.se/Skolor/Estetiska-skolor/Konstskolan/Ansokan/?arrid=47691
15:30:05 den 9 november 2015: General exception: System.ArgumentException An item with the same key has already been added. http://www.folkuniversitetet.se/Skolor/Estetiska-skolor/Konstskolan/Ansokan/?arrid=47691
15:30:05 den 9 november 2015: General exception: System.ArgumentException An item with the same key has already been added. http://www.folkuniversitetet.se/Skolor/Estetiska-skolor/Konstskolan/Ansokan/?arrid=47691
15:30:05 den 9 november 2015: General exception: System.ArgumentException An item with the same key has already been added. http://www.folkuniversitetet.se/Skolor/Estetiska-skolor/Konstskolan/Ansokan/?arrid=47691
15:30:05 den 9 november 2015: General exception: System.ArgumentException An item with the same key has already been added. http://www.folkuniversitetet.se/Skolor/Estetiska-skolor/Konstskolan/Ansokan/?arrid=47691
15:30:05 den 9 november 2015: General exception: System.ArgumentException An item with the same key has already been added. http://www.folkuniversitetet.se/Skolor/Estetiska-skolor/Konstskolan/Ansokan/?arrid=47691
15:30:05 den 9 november 2015: General exception: System.ArgumentException An item with the same key has already been added. http://www.folkuniversitetet.se/Skolor/Estetiska-skolor/Konstskolan/Ansokan/?arrid=47691
15:30:06 den 9 november 2015: General exception: System.ArgumentException An item with the same key has already been added. http://www.folkuniversitetet.se/Skolor/Estetiska-skolor/Konstskolan/utbildningen1/kursplan/
15:30:06 den 9 november 2015: General exception: System.ArgumentException An item with the same key has already been added. http://www.folkuniversitetet.se/Skolor/Estetiska-skolor/Konstskolan/utbildningen1/kursplan/
15:30:06 den 9 november 2015: General exception: System.ArgumentException An item with the same key has already been added. http://www.folkuniversitetet.se/Skolor/Estetiska-skolor/Konstskolan/utbildningen1/kursplan/
15:30:06 den 9 november 2015: General exception: System.ArgumentException An item with the same key has already been added. http://www.folkuniversitetet.se/Skolor/Estetiska-skolor/Konstskolan/utbildningen1/kursplan/
15:30:06 den 9 november 2015: General exception: System.ArgumentException An item with the same key has already been added. http://www.folkuniversitetet.se/Skolor/Estetiska-skolor/Konstskolan/utbildningen1/kursplan/
15:30:06 den 9 november 2015: General exception: System.ArgumentException An item with the same key has already been added. http://www.folkuniversitetet.se/Skolor/Estetiska-skolor/Konstskolan/utbildningen1/kursplan/
15:30:06 den 9 november 2015: General exception: System.ArgumentException An item with the same key has already been added. http://www.folkuniversitetet.se/Skolor/Estetiska-skolor/Konstskolan/utbildningen1/kursplan/
15:30:07 den 9 november 2015: General exception: System.ArgumentException An item with the same key has already been added. http://www.folkuniversitetet.se/Skolor/Estetiska-skolor/Konstskolan/utbildningen1/timplan/
15:30:07 den 9 november 2015: General exception: System.ArgumentException An item with the same key has already been added. http://www.folkuniversitetet.se/Skolor/Estetiska-skolor/Konstskolan/utbildningen1/timplan/
15:30:07 den 9 november 2015: General exception: System.ArgumentException An item with the same key has already been added. http://www.folkuniversitetet.se/Skolor/Estetiska-skolor/Konstskolan/utbildningen1/timplan/
15:30:07 den 9 november 2015: General exception: System.ArgumentException An item with the same key has already been added. http://www.folkuniversitetet.se/Skolor/Estetiska-skolor/Konstskolan/utbildningen1/timplan/
15:30:07 den 9 november 2015: General exception: System.ArgumentException An item with the same key has already been added. http://www.folkuniversitetet.se/Skolor/Estetiska-skolor/Konstskolan/utbildningen1/timplan/
15:30:07 den 9 november 2015: General exception: System.ArgumentException An item with the same key has already been added. http://www.folkuniversitetet.se/Skolor/Estetiska-skolor/Konstskolan/utbildningen1/timplan/
15:30:08 den 9 november 2015: General exception: System.ArgumentException An item with the same key has already been added. http://www.folkuniversitetet.se/Skolor/Estetiska-skolor/Konstskolan/utbildningen1/timplan/
15:30:09 den 9 november 2015: General exception: System.ArgumentException An item with the same key has already been added. http://www.folkuniversitetet.se/Skolor/Estetiska-skolor/Konstskolan/Ansokan/Anmalningsvillkor/
15:30:09 den 9 november 2015: General exception: System.ArgumentException An item with the same key has already been added. http://www.folkuniversitetet.se/Skolor/Estetiska-skolor/Konstskolan/Ansokan/Anmalningsvillkor/
15:30:09 den 9 november 2015: General exception: System.ArgumentException An item with the same key has already been added. http://www.folkuniversitetet.se/Skolor/Estetiska-skolor/Konstskolan/Ansokan/Anmalningsvillkor/
15:30:09 den 9 november 2015: General exception: System.ArgumentException An item with the same key has already been added. http://www.folkuniversitetet.se/Skolor/Estetiska-skolor/Konstskolan/Ansokan/Anmalningsvillkor/
15:30:09 den 9 november 2015: General exception: System.ArgumentException An item with the same key has already been added. http://www.folkuniversitetet.se/Skolor/Estetiska-skolor/Konstskolan/Ansokan/Anmalningsvillkor/
15:30:09 den 9 november 2015: General exception: System.ArgumentException An item with the same key has already been added. http://www.folkuniversitetet.se/Skolor/Estetiska-skolor/Konstskolan/Ansokan/Anmalningsvillkor/
15:30:10 den 9 november 2015: General exception: System.ArgumentException An item with the same key has already been added. http://www.folkuniversitetet.se/Skolor/Estetiska-skolor/Konstskolan/Ansokan/Anmalningsvillkor/
15:30:10 den 9 november 2015: General exception: System.ArgumentException An item with the same key has already been added. http://www.folkuniversitetet.se/Skolor/Estetiska-skolor/Konstskolan/Vara-larare/Conny-Ahlgren/
15:30:10 den 9 november 2015: General exception: System.ArgumentException An item with the same key has already been added. http://www.folkuniversitetet.se/Skolor/Estetiska-skolor/Konstskolan/Vara-larare/Conny-Ahlgren/
15:30:10 den 9 november 2015: General exception: System.ArgumentException An item with the same key has already been added. http://www.folkuniversitetet.se/Skolor/Estetiska-skolor/Konstskolan/Vara-larare/Conny-Ahlgren/
15:30:11 den 9 november 2015: General exception: System.ArgumentException An item with the same key has already been added. http://www.folkuniversitetet.se/Skolor/Estetiska-skolor/Konstskolan/Vara-larare/Conny-Ahlgren/
15:30:11 den 9 november 2015: General exception: System.ArgumentException An item with the same key has already been added. http://www.folkuniversitetet.se/Skolor/Estetiska-skolor/Konstskolan/Vara-larare/Conny-Ahlgren/
15:30:11 den 9 november 2015: General exception: System.ArgumentException An item with the same key has already been added. http://www.folkuniversitetet.se/Skolor/Estetiska-skolor/Konstskolan/Vara-larare/Conny-Ahlgren/
15:30:11 den 9 november 2015: General exception: System.ArgumentException An item with the same key has already been added. http://www.folkuniversitetet.se/Skolor/Estetiska-skolor/Konstskolan/Vara-larare/Conny-Ahlgren/
15:30:11 den 9 november 2015: General exception: System.ArgumentException An item with the same key has already been added. http://www.folkuniversitetet.se/Skolor/Estetiska-skolor/Konstskolan/Vara-larare/Jessica-Kempe/
15:30:11 den 9 november 2015: General exception: System.ArgumentException An item with the same key has already been added. http://www.folkuniversitetet.se/Skolor/Estetiska-skolor/Konstskolan/Vara-larare/Jessica-Kempe/
15:30:11 den 9 november 2015: General exception: System.ArgumentException An item with the same key has already been added. http://www.folkuniversitetet.se/Skolor/Estetiska-skolor/Konstskolan/Vara-larare/Jessica-Kempe/
15:30:11 den 9 november 2015: General exception: System.ArgumentException An item with the same key has already been added. http://www.folkuniversitetet.se/Skolor/Estetiska-skolor/Konstskolan/Vara-larare/Jessica-Kempe/
15:30:12 den 9 november 2015: General exception: System.ArgumentException An item with the same key has already been added. http://www.folkuniversitetet.se/Skolor/Estetiska-skolor/Konstskolan/Vara-larare/Jessica-Kempe/
15:30:12 den 9 november 2015: General exception: System.ArgumentException An item with the same key has already been added. http://www.folkuniversitetet.se/Skolor/Estetiska-skolor/Konstskolan/Vara-larare/Jessica-Kempe/
15:30:12 den 9 november 2015: General exception: System.ArgumentException An item with the same key has already been added. http://www.folkuniversitetet.se/Skolor/Estetiska-skolor/Konstskolan/Vara-larare/Jessica-Kempe/
15:30:12 den 9 november 2015: General exception: System.ArgumentException An item with the same key has already been added. http://www.folkuniversitetet.se/Skolor/Estetiska-skolor/Konstskolan/Vara-larare/Karin-Johansson/
15:30:12 den 9 november 2015: General exception: System.ArgumentException An item with the same key has already been added. http://www.folkuniversitetet.se/Skolor/Estetiska-skolor/Konstskolan/Vara-larare/Karin-Johansson/
15:30:12 den 9 november 2015: General exception: System.ArgumentException An item with the same key has already been added. http://www.folkuniversitetet.se/Skolor/Estetiska-skolor/Konstskolan/Vara-larare/Karin-Johansson/
15:30:12 den 9 november 2015: General exception: System.ArgumentException An item with the same key has already been added. http://www.folkuniversitetet.se/Skolor/Estetiska-skolor/Konstskolan/Vara-larare/Karin-Johansson/
15:30:13 den 9 november 2015: General exception: System.ArgumentException An item with the same key has already been added. http://www.folkuniversitetet.se/Skolor/Estetiska-skolor/Konstskolan/Vara-larare/Karin-Johansson/
15:30:13 den 9 november 2015: General exception: System.ArgumentException An item with the same key has already been added. http://www.folkuniversitetet.se/Skolor/Estetiska-skolor/Konstskolan/Vara-larare/Karin-Johansson/
15:30:13 den 9 november 2015: General exception: System.ArgumentException An item with the same key has already been added. http://www.folkuniversitetet.se/Skolor/Estetiska-skolor/Konstskolan/Vara-larare/Karin-Johansson/
15:30:13 den 9 november 2015: General exception: System.ArgumentException An item with the same key has already been added. http://www.folkuniversitetet.se/Skolor/Estetiska-skolor/Konstskolan/Vara-larare/Marjolaine-Lombard/
15:30:13 den 9 november 2015: General exception: System.ArgumentException An item with the same key has already been added. http://www.folkuniversitetet.se/Skolor/Estetiska-skolor/Konstskolan/Vara-larare/Marjolaine-Lombard/
15:30:13 den 9 november 2015: General exception: System.ArgumentException An item with the same key has already been added. http://www.folkuniversitetet.se/Skolor/Estetiska-skolor/Konstskolan/Vara-larare/Marjolaine-Lombard/
15:30:14 den 9 november 2015: General exception: System.ArgumentException An item with the same key has already been added. http://www.folkuniversitetet.se/Skolor/Estetiska-skolor/Konstskolan/Vara-larare/Marjolaine-Lombard/
15:30:14 den 9 november 2015: General exception: System.ArgumentException An item with the same key has already been added. http://www.folkuniversitetet.se/Skolor/Estetiska-skolor/Konstskolan/Vara-larare/Marjolaine-Lombard/
15:30:14 den 9 november 2015: General exception: System.ArgumentException An item with the same key has already been added. http://www.folkuniversitetet.se/Skolor/Estetiska-skolor/Konstskolan/Vara-larare/Marjolaine-Lombard/
15:30:14 den 9 november 2015: General exception: System.ArgumentException An item with the same key has already been added. http://www.folkuniversitetet.se/Skolor/Estetiska-skolor/Konstskolan/Vara-larare/Marjolaine-Lombard/
15:30:14 den 9 november 2015: General exception: System.ArgumentException An item with the same key has already been added. http://www.folkuniversitetet.se/Skolor/Estetiska-skolor/Konstskolan/Vara-larare/Mirja-Hamalainen/
15:30:14 den 9 november 2015: General exception: System.ArgumentException An item with the same key has already been added. http://www.folkuniversitetet.se/Skolor/Estetiska-skolor/Konstskolan/Vara-larare/Mirja-Hamalainen/
15:30:14 den 9 november 2015: General exception: System.ArgumentException An item with the same key has already been added. http://www.folkuniversitetet.se/Skolor/Estetiska-skolor/Konstskolan/Vara-larare/Mirja-Hamalainen/
15:30:14 den 9 november 2015: General exception: System.ArgumentException An item with the same key has already been added. http://www.folkuniversitetet.se/Skolor/Estetiska-skolor/Konstskolan/Vara-larare/Mirja-Hamalainen/
15:30:14 den 9 november 2015: General exception: System.ArgumentException An item with the same key has already been added. http://www.folkuniversitetet.se/Skolor/Estetiska-skolor/Konstskolan/Vara-larare/Mirja-Hamalainen/
15:30:15 den 9 november 2015: General exception: System.ArgumentException An item with the same key has already been added. http://www.folkuniversitetet.se/Skolor/Estetiska-skolor/Konstskolan/Vara-larare/Mirja-Hamalainen/
15:30:15 den 9 november 2015: General exception: System.ArgumentException An item with the same key has already been added. http://www.folkuniversitetet.se/Skolor/Estetiska-skolor/Konstskolan/Vara-larare/Mirja-Hamalainen/
15:30:15 den 9 november 2015: General exception: System.ArgumentException An item with the same key has already been added. http://www.folkuniversitetet.se/Skolor/Estetiska-skolor/Konstskolan/Vara-larare/Noomi-Engstrom/
15:30:15 den 9 november 2015: General exception: System.ArgumentException An item with the same key has already been added. http://www.folkuniversitetet.se/Skolor/Estetiska-skolor/Konstskolan/Vara-larare/Noomi-Engstrom/
15:30:15 den 9 november 2015: General exception: System.ArgumentException An item with the same key has already been added. http://www.folkuniversitetet.se/Skolor/Estetiska-skolor/Konstskolan/Vara-larare/Noomi-Engstrom/
15:30:16 den 9 november 2015: General exception: System.ArgumentException An item with the same key has already been added. http://www.folkuniversitetet.se/Skolor/Estetiska-skolor/Konstskolan/Vara-larare/Noomi-Engstrom/
15:30:16 den 9 november 2015: General exception: System.ArgumentException An item with the same key has already been added. http://www.folkuniversitetet.se/Skolor/Estetiska-skolor/Konstskolan/Vara-larare/Noomi-Engstrom/
15:30:16 den 9 november 2015: General exception: System.ArgumentException An item with the same key has already been added. http://www.folkuniversitetet.se/Skolor/Estetiska-skolor/Konstskolan/Vara-larare/Noomi-Engstrom/
15:30:16 den 9 november 2015: General exception: System.ArgumentException An item with the same key has already been added. http://www.folkuniversitetet.se/Skolor/Estetiska-skolor/Konstskolan/Vara-larare/Noomi-Engstrom/
15:30:17 den 9 november 2015: General exception: System.ArgumentException An item with the same key has already been added. http://www.folkuniversitetet.se/Skolor/Estetiska-skolor/Konstskolan/Vara-larare/Ulli-Evans/
15:30:17 den 9 november 2015: General exception: System.ArgumentException An item with the same key has already been added. http://www.folkuniversitetet.se/Skolor/Estetiska-skolor/Konstskolan/Vara-larare/Ulli-Evans/
15:30:17 den 9 november 2015: General exception: System.ArgumentException An item with the same key has already been added. http://www.folkuniversitetet.se/Skolor/Estetiska-skolor/Konstskolan/Vara-larare/Ulli-Evans/
15:30:18 den 9 november 2015: General exception: System.ArgumentException An item with the same key has already been added. http://www.folkuniversitetet.se/Skolor/Estetiska-skolor/Konstskolan/Vara-larare/Ulli-Evans/
15:30:18 den 9 november 2015: General exception: System.ArgumentException An item with the same key has already been added. http://www.folkuniversitetet.se/Skolor/Estetiska-skolor/Konstskolan/Vara-larare/Ulli-Evans/
15:30:18 den 9 november 2015: General exception: System.ArgumentException An item with the same key has already been added. http://www.folkuniversitetet.se/Skolor/Estetiska-skolor/Konstskolan/Vara-larare/Ulli-Evans/
15:30:18 den 9 november 2015: General exception: System.ArgumentException An item with the same key has already been added. http://www.folkuniversitetet.se/Skolor/Estetiska-skolor/Konstskolan/Vara-larare/Ulli-Evans/
15:30:18 den 9 november 2015: General exception: System.ArgumentException An item with the same key has already been added. http://www.folkuniversitetet.se/Skolor/Estetiska-skolor/Konstskolan/Om-Konstskolan/Vara-lokaler/
15:30:18 den 9 november 2015: General exception: System.ArgumentException An item with the same key has already been added. http://www.folkuniversitetet.se/Skolor/Estetiska-skolor/Konstskolan/Om-Konstskolan/Vara-lokaler/
15:30:18 den 9 november 2015: General exception: System.ArgumentException An item with the same key has already been added. http://www.folkuniversitetet.se/Skolor/Estetiska-skolor/Konstskolan/Om-Konstskolan/Vara-lokaler/
15:30:18 den 9 november 2015: General exception: System.ArgumentException An item with the same key has already been added. http://www.folkuniversitetet.se/Skolor/Estetiska-skolor/Konstskolan/Om-Konstskolan/Vara-lokaler/
15:30:18 den 9 november 2015: General exception: System.ArgumentException An item with the same key has already been added. http://www.folkuniversitetet.se/Skolor/Estetiska-skolor/Konstskolan/Om-Konstskolan/Vara-lokaler/
15:30:18 den 9 november 2015: General exception: System.ArgumentException An item with the same key has already been added. http://www.folkuniversitetet.se/Skolor/Estetiska-skolor/Konstskolan/Om-Konstskolan/Vara-lokaler/
15:30:19 den 9 november 2015: General exception: System.ArgumentException An item with the same key has already been added. http://www.folkuniversitetet.se/Skolor/Estetiska-skolor/Konstskolan/Om-Konstskolan/Vara-lokaler/
15:30:19 den 9 november 2015: General exception: System.ArgumentException An item with the same key has already been added. http://www.folkuniversitetet.se/Skolor/Estetiska-skolor/Konstskolan/Intervjuer-Konstskolan/
15:30:19 den 9 november 2015: General exception: System.ArgumentException An item with the same key has already been added. http://www.folkuniversitetet.se/Skolor/Estetiska-skolor/Konstskolan/Intervjuer-Konstskolan/
15:30:19 den 9 november 2015: General exception: System.ArgumentException An item with the same key has already been added. http://www.folkuniversitetet.se/Skolor/Estetiska-skolor/Konstskolan/Intervjuer-Konstskolan/
15:30:19 den 9 november 2015: General exception: System.ArgumentException An item with the same key has already been added. http://www.folkuniversitetet.se/Skolor/Estetiska-skolor/Konstskolan/Intervjuer-Konstskolan/
15:30:19 den 9 november 2015: General exception: System.ArgumentException An item with the same key has already been added. http://www.folkuniversitetet.se/Skolor/Estetiska-skolor/Konstskolan/Intervjuer-Konstskolan/
15:30:19 den 9 november 2015: General exception: System.ArgumentException An item with the same key has already been added. http://www.folkuniversitetet.se/Skolor/Estetiska-skolor/Konstskolan/Intervjuer-Konstskolan/
15:30:19 den 9 november 2015: General exception: System.ArgumentException An item with the same key has already been added. http://www.folkuniversitetet.se/Skolor/Estetiska-skolor/Konstskolan/Intervjuer-Konstskolan/
15:30:20 den 9 november 2015: General exception: System.ArgumentException An item with the same key has already been added. http://www.folkuniversitetet.se/Skolor/Estetiska-skolor/Silversmide-Smyckesdesign/Ansokan/?arrid=43922
15:30:20 den 9 november 2015: General exception: System.ArgumentException An item with the same key has already been added. http://www.folkuniversitetet.se/Skolor/Estetiska-skolor/Silversmide-Smyckesdesign/Ansokan/?arrid=43922
15:30:20 den 9 november 2015: General exception: System.ArgumentException An item with the same key has already been added. http://www.folkuniversitetet.se/Skolor/Estetiska-skolor/Silversmide-Smyckesdesign/Utbildningen/Kursplan/
15:30:20 den 9 november 2015: General exception: System.ArgumentException An item with the same key has already been added. http://www.folkuniversitetet.se/Skolor/Estetiska-skolor/Silversmide-Smyckesdesign/Utbildningen/Kursplan/
15:30:20 den 9 november 2015: General exception: System.ArgumentException An item with the same key has already been added. http://www.folkuniversitetet.se/Skolor/Estetiska-skolor/Silversmide-Smyckesdesign/Utbildningen/timplan/
15:30:20 den 9 november 2015: General exception: System.ArgumentException An item with the same key has already been added. http://www.folkuniversitetet.se/Skolor/Estetiska-skolor/Silversmide-Smyckesdesign/Utbildningen/timplan/
15:30:21 den 9 november 2015: General exception: System.ArgumentException An item with the same key has already been added. http://www.folkuniversitetet.se/Skolor/Estetiska-skolor/Silversmide-Smyckesdesign/Ansokan/Anmalningsvillkor/
15:30:24 den 9 november 2015: General exception: System.ArgumentException An item with the same key has already been added. http://www.folkuniversitetet.se/Skolor/Estetiska-skolor/Silversmide-Smyckesdesign/Ansokan/Anmalningsvillkor/
15:30:24 den 9 november 2015: General exception: System.ArgumentException An item with the same key has already been added. http://www.folkuniversitetet.se/Skolor/Estetiska-skolor/Silversmide-Smyckesdesign/Vara-larare/Ann-Sofi-Forsman/
15:30:24 den 9 november 2015: General exception: System.ArgumentException An item with the same key has already been added. http://www.folkuniversitetet.se/Skolor/Estetiska-skolor/Silversmide-Smyckesdesign/Vara-larare/Ann-Sofi-Forsman/
15:30:25 den 9 november 2015: General exception: System.ArgumentException An item with the same key has already been added. http://www.folkuniversitetet.se/Skolor/Estetiska-skolor/Silversmide-Smyckesdesign/Vara-larare/Erik-Tidang/
15:30:25 den 9 november 2015: General exception: System.ArgumentException An item with the same key has already been added. http://www.folkuniversitetet.se/Skolor/Estetiska-skolor/Silversmide-Smyckesdesign/Vara-larare/Erik-Tidang/
15:30:25 den 9 november 2015: General exception: System.ArgumentException An item with the same key has already been added. http://www.folkuniversitetet.se/Skolor/Estetiska-skolor/Silversmide-Smyckesdesign/Vara-larare/Katarina-Hallzon/
15:30:26 den 9 november 2015: General exception: System.ArgumentException An item with the same key has already been added. http://www.folkuniversitetet.se/Skolor/Estetiska-skolor/Silversmide-Smyckesdesign/Vara-larare/Katarina-Hallzon/
15:30:26 den 9 november 2015: General exception: System.ArgumentException An item with the same key has already been added. http://www.folkuniversitetet.se/Skolor/Estetiska-skolor/Silversmide-Smyckesdesign/Vara-larare/Lars-G-Henricson/
15:30:26 den 9 november 2015: General exception: System.ArgumentException An item with the same key has already been added. http://www.folkuniversitetet.se/Skolor/Estetiska-skolor/Silversmide-Smyckesdesign/Vara-larare/Lars-G-Henricson/
15:30:26 den 9 november 2015: General exception: System.ArgumentException An item with the same key has already been added. http://www.folkuniversitetet.se/Skolor/Estetiska-skolor/Silversmide-Smyckesdesign/Vara-larare/matilda-frid/
15:30:26 den 9 november 2015: General exception: System.ArgumentException An item with the same key has already been added. http://www.folkuniversitetet.se/Skolor/Estetiska-skolor/Silversmide-Smyckesdesign/Vara-larare/matilda-frid/
15:30:26 den 9 november 2015: General exception: System.ArgumentException An item with the same key has already been added. http://www.folkuniversitetet.se/Skolor/Estetiska-skolor/Silversmide-Smyckesdesign/Vara-larare/Rolf-Lindstahl/
15:30:26 den 9 november 2015: General exception: System.ArgumentException An item with the same key has already been added. http://www.folkuniversitetet.se/Skolor/Estetiska-skolor/Silversmide-Smyckesdesign/Vara-larare/Rolf-Lindstahl/
15:30:32 den 9 november 2015: General exception: System.ArgumentException An item with the same key has already been added. http://www.folkuniversitetet.se/Skolor/Komvux/Stockholm/Vux-STHLM/SFI/Bra-att-veta/FAQ/
15:30:33 den 9 november 2015: General exception: System.ArgumentException An item with the same key has already been added. http://www.folkuniversitetet.se/Skolor/Internationella-skolor/ISU/Practical-information/How-do-I-apply-to-ISU-CoursesPrograms/
15:30:42 den 9 november 2015: General exception: System.ArgumentException An item with the same key has already been added. http://www.folkuniversitetet.se/Har-finns-vi/Orebro/Musikverksamhet/Spelningar-i-Orebro-lan/
15:30:57 den 9 november 2015: General exception: System.ArgumentException An item with the same key has already been added. http://www.folkuniversitetet.se/konstskolan
15:30:57 den 9 november 2015: General exception: System.ArgumentException An item with the same key has already been added. http://www.folkuniversitetet.se/konstskolan
15:30:58 den 9 november 2015: General exception: System.ArgumentException An item with the same key has already been added. http://www.folkuniversitetet.se/konstskolan
15:30:58 den 9 november 2015: General exception: System.ArgumentException An item with the same key has already been added. http://www.folkuniversitetet.se/konstskolan
15:30:58 den 9 november 2015: General exception: System.ArgumentException An item with the same key has already been added. http://www.folkuniversitetet.se/konstskolan
15:30:59 den 9 november 2015: General exception: System.ArgumentException An item with the same key has already been added. http://www.folkuniversitetet.se/konstskolan
15:30:59 den 9 november 2015: General exception: System.ArgumentException An item with the same key has already been added. http://www.folkuniversitetet.se/konstskolan
15:31:00 den 9 november 2015: General exception: System.ArgumentException An item with the same key has already been added. http://www.folkuniversitetet.se/Las-mer-om-sprak/Sprakexamina/Swedex/Ta-examen/Utanfor-Sverige/
15:31:01 den 9 november 2015: General exception: System.ArgumentException An item with the same key has already been added. http://www.folkuniversitetet.se/Skolor/Balettakademien-dansskolor/Balettakademien-Goteborg/Balettakademiens_teater/Tidigare-forestallningar/20112012/COB-dans-premiar-23-mars-/
15:31:01 den 9 november 2015: General exception: System.ArgumentException An item with the same key has already been added. http://www.folkuniversitetet.se/Skolor/Balettakademien-dansskolor/Balettakademien-Goteborg/Balettakademiens_teater/Tidigare-forestallningar/20112012/COB-dans-premiar-23-mars-/
15:31:02 den 9 november 2015: General exception: System.ArgumentException An item with the same key has already been added. http://www.folkuniversitetet.se/Skolor/Balettakademien-dansskolor/Balettakademien-Umea/Kurser/Granslos-dans/Clowner/
15:31:02 den 9 november 2015: General exception: System.ArgumentException An item with the same key has already been added. http://www.folkuniversitetet.se/Skolor/Balettakademien-dansskolor/Balettakademien-Umea/Kurser/Granslos-dans/Clowner/
15:31:03 den 9 november 2015: General exception: System.ArgumentException An item with the same key has already been added. http://www.folkuniversitetet.se/Skolor/gymnasieskolor/Internationella-gymnasiet-Uppsala/Nyheter/Nyhetsarkiv/Varen-2013/New-York-New-York/
15:31:04 den 9 november 2015: General exception: System.ArgumentException An item with the same key has already been added. http://www.folkuniversitetet.se/Skolor/Komvux/Stockholm/Vux-STHLM/SFI/Bra-att-veta/FAQ/Information-till-dig-som-studerar-SFI/
15:31:07 den 9 november 2015: General exception: System.ArgumentException An item with the same key has already been added. http://www.folkuniversitetet.se/Har-finns-vi/Gavle/Starta-egen-studiecirkel-Gavle/Nagra-av-vara-samarbetspartners-i-Gavleborg/studentforeningar/
15:31:08 den 9 november 2015: General exception: System.ArgumentException An item with the same key has already been added. http://www.folkuniversitetet.se/Har-finns-vi/Gavle/Starta-egen-studiecirkel-Gavle/Nagra-av-vara-samarbetspartners-i-Gavleborg/studentforeningar/
15:31:09 den 9 november 2015: General exception: System.ArgumentException An item with the same key has already been added. http://www.folkuniversitetet.se/Las-mer-om-sprak/Sprakexamina/Swedex/Ta-examen/Utanfor-Sverige/#Spanien
15:31:15 den 9 november 2015: General exception: System.ArgumentException An item with the same key has already been added. http://www.folkuniversitetet.se/Bestall-bocker-och-skrifter/Folkuniversitetets-forlag/Vara-sprak/Europa/Finska/Finska-for-nyborjare/
15:31:16 den 9 november 2015: General exception: System.ArgumentException An item with the same key has already been added. http://www.folkuniversitetet.se/Bestall-bocker-och-skrifter/Folkuniversitetets-forlag/Vara-sprak/Europa/Tjeckiska/Prosim/
15:31:16 den 9 november 2015: General exception: System.ArgumentException An item with the same key has already been added. http://www.folkuniversitetet.se/Bestall-bocker-och-skrifter/Folkuniversitetets-forlag/Vara-sprak/Europa/Tjeckiska/Prosim/
15:31:20 den 9 november 2015: General exception: System.ArgumentException An item with the same key has already been added. http://www.folkuniversitetet.se/Om-Folkuniversitetet/Personal/D---F/Erika-snygg/
15:31:21 den 9 november 2015: General exception: System.ArgumentException An item with the same key has already been added. http://www.folkuniversitetet.se/Om-Folkuniversitetet/Personal/D---F/Erika-snygg/?kontakt=true#kontakt
15:31:24 den 9 november 2015: General exception: System.ArgumentException An item with the same key has already been added. http://www.folkuniversitetet.se/Skolor/Balettakademien-dansskolor/Balettakademien-Goteborg/Balettakademiens_teater/Tidigare-forestallningar/20142015/cats1/
15:31:30 den 9 november 2015: General exception: System.ArgumentException An item with the same key has already been added. http://www.folkuniversitetet.se/Skolor/Estetiska-skolor/Konstskolan/Utbildningen/Konstnarlig-grundutbildning-kvallstid1/
15:31:32 den 9 november 2015: General exception: System.ArgumentException An item with the same key has already been added. http://www.folkuniversitetet.se/Skolor/Estetiska-skolor/Konstskolan/Utbildningen/Konstnarlig-grundutbildning-kvallstid1/
15:31:33 den 9 november 2015: General exception: System.ArgumentException An item with the same key has already been added. http://www.folkuniversitetet.se/Skolor/Estetiska-skolor/Konstskolan/Utbildningen/Konstnarlig-grundutbildning-kvallstid1/
15:31:34 den 9 november 2015: General exception: System.ArgumentException An item with the same key has already been added. http://www.folkuniversitetet.se/Skolor/Estetiska-skolor/Konstskolan/Utbildningen/Konstnarlig-grundutbildning-kvallstid1/
15:31:36 den 9 november 2015: General exception: System.ArgumentException An item with the same key has already been added. http://www.folkuniversitetet.se/Skolor/Estetiska-skolor/Konstskolan/Utbildningen/Konstnarlig-grundutbildning-kvallstid1/
15:31:37 den 9 november 2015: General exception: System.ArgumentException An item with the same key has already been added. http://www.folkuniversitetet.se/Skolor/Estetiska-skolor/Konstskolan/Utbildningen/Konstnarlig-grundutbildning-kvallstid1/
15:31:38 den 9 november 2015: General exception: System.ArgumentException An item with the same key has already been added. http://www.folkuniversitetet.se/Skolor/Estetiska-skolor/Konstskolan/Utbildningen/Konstnarlig-grundutbildning-kvallstid1/
15:31:40 den 9 november 2015: General exception: System.ArgumentException An item with the same key has already been added. http://www.folkuniversitetet.se/Skolor/Balettakademien-dansskolor/Balettakademien-Stockholm/International-Summer-Festival-2015/ballet-the-whole-summer/
15:31:41 den 9 november 2015: General exception: System.ArgumentException An item with the same key has already been added. http://www.folkuniversitetet.se/Skolor/Balettakademien-dansskolor/Balettakademien-Stockholm/International-Summer-Festival-2015/ballet-the-whole-summer/
15:31:41 den 9 november 2015: General exception: System.ArgumentException An item with the same key has already been added. http://www.folkuniversitetet.se/Skolor/Balettakademien-dansskolor/Balettakademien-Stockholm/International-Summer-Festival-2015/ballet-the-whole-summer/
15:31:41 den 9 november 2015: General exception: System.ArgumentException An item with the same key has already been added. http://www.folkuniversitetet.se/Skolor/Balettakademien-dansskolor/Balettakademien-Stockholm/International-Summer-Festival-2015/ballet-the-whole-summer/
15:40:59 den 9 november 2015: NullReferenceException Object reference not set to an instance of an object. http://www.folkuniversitetet.se/SysSiteAssets/bildbanken/lokala-bilder/goteborg/artcollege/mode_somnad/mode-art-college-huvudamnen-i-.jpg/
15:42:10 den 9 november 2015: http://www.norrlandsoperan.se/ reached 100 visits. Blocking the page
15:42:16 den 9 november 2015: http://yogastudionumea.se/ reached 100 visits. Blocking the page
15:42:19 den 9 november 2015: http://www.iwanson.de/ reached 100 visits. Blocking the page
15:42:20 den 9 november 2015: http://www.parts.be/ reached 100 visits. Blocking the page
15:42:20 den 9 november 2015: http://www.svenskabalettskolan.se/ reached 100 visits. Blocking the page
15:42:20 den 9 november 2015: http://www.dansforum.se/?sida=pas.html&spalt=235 reached 100 visits. Blocking the page
15:42:20 den 9 november 2015: http://www.teaterskolen.dk/ reached 100 visits. Blocking the page
15:42:23 den 9 november 2015: http://www.danstidningen.se/ reached 100 visits. Blocking the page
15:42:23 den 9 november 2015: http://www.dancegymshop.com/ reached 100 visits. Blocking the page
15:42:23 den 9 november 2015: http://www.umea2014.se/ reached 100 visits. Blocking the page
15:42:26 den 9 november 2015: http://www.nicolinabjureus.com/ reached 100 visits. Blocking the page
15:42:26 den 9 november 2015: http://www.perbruno.com/ reached 100 visits. Blocking the page
15:42:27 den 9 november 2015: http://www.christinafjellstrom.se/ reached 100 visits. Blocking the page
15:42:27 den 9 november 2015: http://www.sandrahl.com/ reached 100 visits. Blocking the page
15:42:27 den 9 november 2015: http://www.andreaslofstrand.se/ reached 100 visits. Blocking the page
15:42:27 den 9 november 2015: http://www.lovisaolsson.com/ reached 100 visits. Blocking the page
15:42:27 den 9 november 2015: http://www.johnbuddee.com/ reached 100 visits. Blocking the page
15:42:27 den 9 november 2015: http://letters--from.blogspot.com/ reached 100 visits. Blocking the page
15:42:27 den 9 november 2015: http://www.drakenlind.com/ reached 100 visits. Blocking the page
15:42:27 den 9 november 2015: http://ailiforsenius.blogspot.com/ reached 100 visits. Blocking the page
15:42:27 den 9 november 2015: http://www.danielrudeland.blogspot.com/ reached 100 visits. Blocking the page
15:42:27 den 9 november 2015: http://www.danielrudeland.com/ reached 100 visits. Blocking the page
15:42:28 den 9 november 2015: http://mariawinso.wordpress.com/ reached 100 visits. Blocking the page
15:42:28 den 9 november 2015: http://www.matslefvert.se/ reached 100 visits. Blocking the page
15:42:28 den 9 november 2015: http://www.lisalindqvist.se/ reached 100 visits. Blocking the page
15:42:28 den 9 november 2015: http://orthochroma.wordpress.com/ reached 100 visits. Blocking the page
15:42:28 den 9 november 2015: http://www.mikaelanordstrom.com/ reached 100 visits. Blocking the page
15:42:28 den 9 november 2015: http://raukandull.blogspot.com/ reached 100 visits. Blocking the page
15:42:28 den 9 november 2015: http://www.perssonmattias.com/ reached 100 visits. Blocking the page
15:42:28 den 9 november 2015: http://www.emmypolbratt.se/ reached 100 visits. Blocking the page
15:42:28 den 9 november 2015: http://www.jonasjacobsvensson.com/ reached 100 visits. Blocking the page
15:42:28 den 9 november 2015: http://www.elinsoderstrom.com/ reached 100 visits. Blocking the page
15:42:28 den 9 november 2015: http://photographybyangelica.wordpress.com/ reached 100 visits. Blocking the page
15:42:28 den 9 november 2015: http://danielwilandfoto.photoshelter.com/ reached 100 visits. Blocking the page
15:42:28 den 9 november 2015: http://www.akerbergkassel.blogspot.com/ reached 100 visits. Blocking the page
15:42:28 den 9 november 2015: http://arn.se/ reached 100 visits. Blocking the page
15:42:28 den 9 november 2015: http://www.eriktidang.se/ reached 100 visits. Blocking the page
15:42:28 den 9 november 2015: http://matildafrid.se/ reached 100 visits. Blocking the page
15:43:19 den 9 november 2015: Parse took 10 seconds  /Skolor/gymnasieskolor/Johannes-Hedberggymnasiet/Nyheter1/Nano-shakespeare/
15:43:49 den 9 november 2015: http://www.kunskapsparken.sollentuna.se/ reached 100 visits. Blocking the page
15:43:50 den 9 november 2015: https://vux.solna.se/ reached 100 visits. Blocking the page
15:43:53 den 9 november 2015: http://www.eslov.fhsk.se/ reached 100 visits. Blocking the page
15:44:00 den 9 november 2015: https://www.myh.se/ reached 100 visits. Blocking the page
15:44:08 den 9 november 2015: http://www.liveatheart.se/ reached 100 visits. Blocking the page
15:44:18 den 9 november 2015: http://abc-strani-jezici.hr/ reached 100 visits. Blocking the page
15:44:18 den 9 november 2015: http://www.sjs.cz/ reached 100 visits. Blocking the page
15:44:18 den 9 november 2015: http://spanishlogos.com/ reached 100 visits. Blocking the page
15:44:18 den 9 november 2015: http://www.tlu.ee/?LangID=1&CatID=1966 reached 100 visits. Blocking the page
15:44:18 den 9 november 2015: http://www.fh-westkueste.de/ reached 100 visits. Blocking the page
15:44:18 den 9 november 2015: http://www.wak-sh.de/ reached 100 visits. Blocking the page
15:44:18 den 9 november 2015: http://www.leuphana.de/ reached 100 visits. Blocking the page
15:44:18 den 9 november 2015: http://www.cambio-institut.de/ reached 100 visits. Blocking the page
15:44:18 den 9 november 2015: http://www.btcweb.de/ reached 100 visits. Blocking the page
15:44:18 den 9 november 2015: http://www.vhs-wiesbaden.de/ reached 100 visits. Blocking the page
15:44:18 den 9 november 2015: http://www.svenska.gr/ reached 100 visits. Blocking the page
15:44:18 den 9 november 2015: http://www.speak.edu.gr/ reached 100 visits. Blocking the page
15:44:18 den 9 november 2015: http://swedex.ir/ reached 100 visits. Blocking the page
15:44:18 den 9 november 2015: http://www.babele.lv/ reached 100 visits. Blocking the page
15:44:18 den 9 november 2015: http://ktu.lt/ reached 100 visits. Blocking the page
15:44:18 den 9 november 2015: http://www.scandschool.com/ reached 100 visits. Blocking the page
15:44:18 den 9 november 2015: http://info@oicanspeakswedish.com/ reached 100 visits. Blocking the page
15:44:18 den 9 november 2015: http://www.icanspeakswedish.com/ reached 100 visits. Blocking the page
15:44:18 den 9 november 2015: http://www.catatik.se/ reached 100 visits. Blocking the page
15:44:18 den 9 november 2015: http://www.wave.edu.pl/ reached 100 visits. Blocking the page
15:44:18 den 9 november 2015: http://www.lingualand.pl/ reached 100 visits. Blocking the page
15:44:18 den 9 november 2015: http://ifg.us.edu.pl/ reached 100 visits. Blocking the page
15:44:18 den 9 november 2015: http://www.ce.edu.pl/ reached 100 visits. Blocking the page
15:44:18 den 9 november 2015: http://ilnova.fcsh.unl.pt/ reached 100 visits. Blocking the page
15:44:18 den 9 november 2015: http://coridiscare.com/ reached 100 visits. Blocking the page
15:44:18 den 9 november 2015: http://ippk.ispn.urfu.ru/ reached 100 visits. Blocking the page
15:44:18 den 9 november 2015: http://www.swedlang.ru/ reached 100 visits. Blocking the page
15:44:18 den 9 november 2015: http://www.swedexcenter.ru/ reached 100 visits. Blocking the page
15:44:18 den 9 november 2015: http://www.swedcenter.ru/ reached 100 visits. Blocking the page
15:44:18 den 9 november 2015: http://www.akademijaoxford.com/ reached 100 visits. Blocking the page
15:44:18 den 9 november 2015: http://www.institutnordic.com/ reached 100 visits. Blocking the page
15:44:18 den 9 november 2015: http://www.medicarrera.com/ reached 100 visits. Blocking the page
15:44:18 den 9 november 2015: http://wwww.ub.edu/ reached 100 visits. Blocking the page
15:44:18 den 9 november 2015: http://www.skolan.es/ reached 100 visits. Blocking the page
15:44:18 den 9 november 2015: http://www.clm-granada.com/ reached 100 visits. Blocking the page
15:44:18 den 9 november 2015: http://www.kulturdetektive.ch/ reached 100 visits. Blocking the page
15:44:18 den 9 november 2015: http://www.svedeks.com.tr/ reached 100 visits. Blocking the page
15:44:18 den 9 november 2015: http://www.swedishlanguagetraining.co.uk/ reached 100 visits. Blocking the page
15:44:19 den 9 november 2015: http://altec.colorado.edu/ reached 100 visits. Blocking the page
15:44:22 den 9 november 2015: http://www.swedex.ir/ reached 100 visits. Blocking the page
15:44:22 den 9 november 2015: http://abc-strani-jezici.hr/ reached 100 visits. Blocking the page
15:44:22 den 9 november 2015: http://www.babele.lv/ reached 100 visits. Blocking the page
15:44:23 den 9 november 2015: http://info@oicanspeakswedish.com/ reached 100 visits. Blocking the page
15:44:23 den 9 november 2015: http://www.icanspeakswedish.com/ reached 100 visits. Blocking the page
15:44:23 den 9 november 2015: http://www.akademijaoxford.com/ reached 100 visits. Blocking the page
15:44:23 den 9 november 2015: http://www.medicarrera.com/ reached 100 visits. Blocking the page
15:44:23 den 9 november 2015: http://www.sueciauruguay.org/ reached 100 visits. Blocking the page
15:44:30 den 9 november 2015: http://www.folkbildning.se/ reached 100 visits. Blocking the page
15:44:31 den 9 november 2015: http://www.tracbacmusic.com/ reached 100 visits. Blocking the page
15:44:33 den 9 november 2015: http://issuu.com/ reached 100 visits. Blocking the page
15:44:35 den 9 november 2015: http://hjaltarnashus.se/ reached 100 visits. Blocking the page
15:44:42 den 9 november 2015: http://www.cop19.gov.pl/ reached 100 visits. Blocking the page
15:44:48 den 9 november 2015: http://www.moma.org/ reached 100 visits. Blocking the page
15:44:48 den 9 november 2015: http://www.amnh.org/ reached 100 visits. Blocking the page
15:44:48 den 9 november 2015: http://www.metmuseum.org/ reached 100 visits. Blocking the page
15:44:48 den 9 november 2015: http://www.tenement.org/ reached 100 visits. Blocking the page
15:45:13 den 9 november 2015: http://finskafornyborjare.se/ reached 100 visits. Blocking the page
15:45:26 den 9 november 2015: http://prosim.se/ reached 100 visits. Blocking the page
15:45:29 den 9 november 2015: http://turkiska.nu/ reached 100 visits. Blocking the page
15:45:36 den 9 november 2015: http://www.tyredeyes.net/ reached 100 visits. Blocking the page
15:46:02 den 9 november 2015: http://insider.kungstensgymnasiet.se/ reached 100 visits. Blocking the page
15:46:02 den 9 november 2015: http://kungstensgymnasietselevkar.blogg.se/ reached 100 visits. Blocking the page
15:46:03 den 9 november 2015: http://sl.se/ reached 100 visits. Blocking the page
15:46:03 den 9 november 2015: http://fotoskolansthlm.se/ reached 100 visits. Blocking the page
15:46:03 den 9 november 2015: http://www.is.se/ reached 100 visits. Blocking the page
15:46:10 den 9 november 2015: http://www.saabsgdf.se/ reached 100 visits. Blocking the page
15:46:10 den 9 november 2015: http://www.vanersborgfilmstudio.se/ reached 100 visits. Blocking the page
15:46:10 den 9 november 2015: http://www.ingenjorsklubben.org/ reached 100 visits. Blocking the page
15:46:10 den 9 november 2015: http://www.fro.se/ reached 100 visits. Blocking the page
15:46:10 den 9 november 2015: http://www.trollhattegillet.se/ reached 100 visits. Blocking the page
15:46:50 den 9 november 2015: http://www.sr.se/ reached 100 visits. Blocking the page
15:46:53 den 9 november 2015: http://www.radiotrollhattan.se/ reached 100 visits. Blocking the page
15:46:55 den 9 november 2015: NullReferenceException Object reference not set to an instance of an object. http://www.folkuniversitetet.se/SysSiteAssets/dokumentbanken/lokala-dokument/dokument_region_vast/trollhattan/gymnasiet/radioprogram/radio-existens-10-11-30_1.mp3/
15:46:57 den 9 november 2015: NullReferenceException Object reference not set to an instance of an object. http://www.folkuniversitetet.se/SysSiteAssets/dokumentbanken/lokala-dokument/dokument_region_vast/trollhattan/gymnasiet/radioprogram/radio-existens-10-12-01_1.mp3/
15:47:01 den 9 november 2015: NullReferenceException Object reference not set to an instance of an object. http://www.folkuniversitetet.se/SysSiteAssets/dokumentbanken/lokala-dokument/dokument_region_vast/trollhattan/gymnasiet/radioprogram/existens_10-12-07_1.mp3/
15:47:03 den 9 november 2015: NullReferenceException Object reference not set to an instance of an object. http://www.folkuniversitetet.se/SysSiteAssets/dokumentbanken/lokala-dokument/dokument_region_vast/trollhattan/gymnasiet/radioprogram/existens_10-12-08_1.mp3/
15:47:05 den 9 november 2015: NullReferenceException Object reference not set to an instance of an object. http://www.folkuniversitetet.se/SysSiteAssets/dokumentbanken/lokala-dokument/dokument_region_vast/trollhattan/gymnasiet/radioprogram/existens_10-12-14_1.mp3/
15:47:08 den 9 november 2015: NullReferenceException Object reference not set to an instance of an object. http://www.folkuniversitetet.se/SysSiteAssets/dokumentbanken/lokala-dokument/dokument_region_vast/trollhattan/gymnasiet/radioprogram/existens_10-12-15_1.mp3/
15:48:53 den 9 november 2015: Spider done
