14:22:34 den 9 november 2015: Starting  http://www.folkuniversitetet.se
14:22:35 den 9 november 2015: General exception: System.ArgumentException An item with the same key has already been added. http://www.folkuniversitetet.se/Skolor/Estetiska-skolor/Konstskolan/
14:22:35 den 9 november 2015: General exception: System.ArgumentException An item with the same key has already been added. http://www.folkuniversitetet.se/Skolor/Estetiska-skolor/Konstskolan/
14:22:35 den 9 november 2015: General exception: System.ArgumentException An item with the same key has already been added. http://www.folkuniversitetet.se/Skolor/Estetiska-skolor/Konstskolan/
14:22:36 den 9 november 2015: General exception: System.ArgumentException An item with the same key has already been added. http://www.folkuniversitetet.se/Skolor/Estetiska-skolor/Konstskolan/
14:22:36 den 9 november 2015: General exception: System.ArgumentException An item with the same key has already been added. http://www.folkuniversitetet.se/Skolor/Estetiska-skolor/Konstskolan/
14:22:36 den 9 november 2015: General exception: System.ArgumentException An item with the same key has already been added. http://www.folkuniversitetet.se/Skolor/Estetiska-skolor/Konstskolan/
14:22:36 den 9 november 2015: General exception: System.ArgumentException An item with the same key has already been added. http://www.folkuniversitetet.se/Skolor/Estetiska-skolor/Konstskolan/
14:22:36 den 9 november 2015: General exception: System.ArgumentException An item with the same key has already been added. http://www.folkuniversitetet.se/Skolor/Estetiska-skolor/Silversmide-Smyckesdesign/
14:22:36 den 9 november 2015: General exception: System.ArgumentException An item with the same key has already been added. http://www.folkuniversitetet.se/Skolor/Estetiska-skolor/Silversmide-Smyckesdesign/
14:22:51 den 9 november 2015: General exception: System.ArgumentException An item with the same key has already been added. http://www.folkuniversitetet.se/Har-finns-vi/Stockholm/Puffar/Intervjuer/Det-finns-alltid-en-ratt-plats-for-alla/
14:22:51 den 9 november 2015: General exception: System.ArgumentException An item with the same key has already been added. http://www.folkuniversitetet.se/Har-finns-vi/Stockholm/Puffar/Intervjuer/Det-finns-alltid-en-ratt-plats-for-alla/
14:22:55 den 9 november 2015: General exception: System.ArgumentException An item with the same key has already been added. http://www.folkuniversitetet.se/Har-finns-vi/Umea/Distanskurser/
14:22:55 den 9 november 2015: General exception: System.ArgumentException An item with the same key has already been added. http://www.folkuniversitetet.se/Har-finns-vi/Umea/Distanskurser/
14:22:55 den 9 november 2015: General exception: System.ArgumentException An item with the same key has already been added. http://www.folkuniversitetet.se/Har-finns-vi/Umea/Distanskurser/
14:22:55 den 9 november 2015: General exception: System.ArgumentException An item with the same key has already been added. http://www.folkuniversitetet.se/Har-finns-vi/Umea/Distanskurser/
14:22:57 den 9 november 2015: General exception: System.ArgumentException An item with the same key has already been added. http://www.folkuniversitetet.se/Skolor/Estetiska-skolor/arkitekturskolan-sthlm/Samarbete-med-ETTELVA/
14:22:58 den 9 november 2015: General exception: System.ArgumentException An item with the same key has already been added. http://www.folkuniversitetet.se/Skolor/Estetiska-skolor/arkitekturskolan-sthlm/Samarbete-med-ETTELVA/
14:22:58 den 9 november 2015: General exception: System.ArgumentException An item with the same key has already been added. http://www.folkuniversitetet.se/Skolor/Estetiska-skolor/arkitekturskolan-sthlm/Samarbete-med-ETTELVA/
14:22:59 den 9 november 2015: General exception: System.ArgumentException An item with the same key has already been added. http://www.folkuniversitetet.se/Skolor/Estetiska-skolor/Konstskolan/utbildningen1/
14:22:59 den 9 november 2015: General exception: System.ArgumentException An item with the same key has already been added. http://www.folkuniversitetet.se/Skolor/Estetiska-skolor/Konstskolan/utbildningen1/
14:22:59 den 9 november 2015: General exception: System.ArgumentException An item with the same key has already been added. http://www.folkuniversitetet.se/Skolor/Estetiska-skolor/Konstskolan/utbildningen1/
14:22:59 den 9 november 2015: General exception: System.ArgumentException An item with the same key has already been added. http://www.folkuniversitetet.se/Skolor/Estetiska-skolor/Konstskolan/utbildningen1/
14:22:59 den 9 november 2015: General exception: System.ArgumentException An item with the same key has already been added. http://www.folkuniversitetet.se/Skolor/Estetiska-skolor/Konstskolan/utbildningen1/
14:22:59 den 9 november 2015: General exception: System.ArgumentException An item with the same key has already been added. http://www.folkuniversitetet.se/Skolor/Estetiska-skolor/Konstskolan/utbildningen1/
14:22:59 den 9 november 2015: General exception: System.ArgumentException An item with the same key has already been added. http://www.folkuniversitetet.se/Skolor/Estetiska-skolor/Konstskolan/utbildningen1/
14:22:59 den 9 november 2015: General exception: System.ArgumentException An item with the same key has already been added. http://www.folkuniversitetet.se/Skolor/Estetiska-skolor/Konstskolan/Ansokan/
14:23:00 den 9 november 2015: General exception: System.ArgumentException An item with the same key has already been added. http://www.folkuniversitetet.se/Skolor/Estetiska-skolor/Konstskolan/Ansokan/
14:23:00 den 9 november 2015: General exception: System.ArgumentException An item with the same key has already been added. http://www.folkuniversitetet.se/Skolor/Estetiska-skolor/Konstskolan/Ansokan/
14:23:00 den 9 november 2015: General exception: System.ArgumentException An item with the same key has already been added. http://www.folkuniversitetet.se/Skolor/Estetiska-skolor/Konstskolan/Ansokan/
14:23:00 den 9 november 2015: General exception: System.ArgumentException An item with the same key has already been added. http://www.folkuniversitetet.se/Skolor/Estetiska-skolor/Konstskolan/Ansokan/
14:23:00 den 9 november 2015: General exception: System.ArgumentException An item with the same key has already been added. http://www.folkuniversitetet.se/Skolor/Estetiska-skolor/Konstskolan/Ansokan/
14:23:01 den 9 november 2015: General exception: System.ArgumentException An item with the same key has already been added. http://www.folkuniversitetet.se/Skolor/Estetiska-skolor/Konstskolan/Ansokan/
14:23:01 den 9 november 2015: General exception: System.ArgumentException An item with the same key has already been added. http://www.folkuniversitetet.se/Skolor/Estetiska-skolor/Konstskolan/Vara-larare/
14:23:01 den 9 november 2015: General exception: System.ArgumentException An item with the same key has already been added. http://www.folkuniversitetet.se/Skolor/Estetiska-skolor/Konstskolan/Vara-larare/
14:23:01 den 9 november 2015: General exception: System.ArgumentException An item with the same key has already been added. http://www.folkuniversitetet.se/Skolor/Estetiska-skolor/Konstskolan/Vara-larare/
14:23:01 den 9 november 2015: General exception: System.ArgumentException An item with the same key has already been added. http://www.folkuniversitetet.se/Skolor/Estetiska-skolor/Konstskolan/Vara-larare/
14:23:02 den 9 november 2015: General exception: System.ArgumentException An item with the same key has already been added. http://www.folkuniversitetet.se/Skolor/Estetiska-skolor/Konstskolan/Vara-larare/
14:23:02 den 9 november 2015: General exception: System.ArgumentException An item with the same key has already been added. http://www.folkuniversitetet.se/Skolor/Estetiska-skolor/Konstskolan/Vara-larare/
14:23:02 den 9 november 2015: General exception: System.ArgumentException An item with the same key has already been added. http://www.folkuniversitetet.se/Skolor/Estetiska-skolor/Konstskolan/Vara-larare/
14:23:02 den 9 november 2015: General exception: System.ArgumentException An item with the same key has already been added. http://www.folkuniversitetet.se/Skolor/Estetiska-skolor/Konstskolan/Om-Konstskolan/
14:23:02 den 9 november 2015: General exception: System.ArgumentException An item with the same key has already been added. http://www.folkuniversitetet.se/Skolor/Estetiska-skolor/Konstskolan/Om-Konstskolan/
14:23:02 den 9 november 2015: General exception: System.ArgumentException An item with the same key has already been added. http://www.folkuniversitetet.se/Skolor/Estetiska-skolor/Konstskolan/Om-Konstskolan/
14:23:03 den 9 november 2015: General exception: System.ArgumentException An item with the same key has already been added. http://www.folkuniversitetet.se/Skolor/Estetiska-skolor/Konstskolan/Om-Konstskolan/
14:23:03 den 9 november 2015: General exception: System.ArgumentException An item with the same key has already been added. http://www.folkuniversitetet.se/Skolor/Estetiska-skolor/Konstskolan/Om-Konstskolan/
14:23:03 den 9 november 2015: General exception: System.ArgumentException An item with the same key has already been added. http://www.folkuniversitetet.se/Skolor/Estetiska-skolor/Konstskolan/Om-Konstskolan/
14:23:03 den 9 november 2015: General exception: System.ArgumentException An item with the same key has already been added. http://www.folkuniversitetet.se/Skolor/Estetiska-skolor/Konstskolan/Om-Konstskolan/
14:23:03 den 9 november 2015: General exception: System.ArgumentException An item with the same key has already been added. http://www.folkuniversitetet.se/Skolor/Estetiska-skolor/Konstskolan/Kontakt/
14:23:03 den 9 november 2015: General exception: System.ArgumentException An item with the same key has already been added. http://www.folkuniversitetet.se/Skolor/Estetiska-skolor/Konstskolan/Kontakt/
14:23:03 den 9 november 2015: General exception: System.ArgumentException An item with the same key has already been added. http://www.folkuniversitetet.se/Skolor/Estetiska-skolor/Konstskolan/Kontakt/
14:23:04 den 9 november 2015: General exception: System.ArgumentException An item with the same key has already been added. http://www.folkuniversitetet.se/Skolor/Estetiska-skolor/Konstskolan/Kontakt/
14:23:04 den 9 november 2015: General exception: System.ArgumentException An item with the same key has already been added. http://www.folkuniversitetet.se/Skolor/Estetiska-skolor/Konstskolan/Kontakt/
14:23:04 den 9 november 2015: General exception: System.ArgumentException An item with the same key has already been added. http://www.folkuniversitetet.se/Skolor/Estetiska-skolor/Konstskolan/Kontakt/
14:23:04 den 9 november 2015: General exception: System.ArgumentException An item with the same key has already been added. http://www.folkuniversitetet.se/Skolor/Estetiska-skolor/Konstskolan/Kontakt/
14:23:12 den 9 november 2015: General exception: System.ArgumentException An item with the same key has already been added. http://www.folkuniversitetet.se/Skolor/Estetiska-skolor/Konstskolan/Bilder/
14:23:16 den 9 november 2015: General exception: System.ArgumentException An item with the same key has already been added. http://www.folkuniversitetet.se/Skolor/Estetiska-skolor/Konstskolan/Bilder/
14:23:20 den 9 november 2015: General exception: System.ArgumentException An item with the same key has already been added. http://www.folkuniversitetet.se/Skolor/Estetiska-skolor/Konstskolan/Bilder/
14:23:25 den 9 november 2015: General exception: System.ArgumentException An item with the same key has already been added. http://www.folkuniversitetet.se/Skolor/Estetiska-skolor/Konstskolan/Bilder/
14:23:30 den 9 november 2015: General exception: System.ArgumentException An item with the same key has already been added. http://www.folkuniversitetet.se/Skolor/Estetiska-skolor/Konstskolan/Bilder/
14:23:35 den 9 november 2015: General exception: System.ArgumentException An item with the same key has already been added. http://www.folkuniversitetet.se/Skolor/Estetiska-skolor/Konstskolan/Bilder/
14:23:38 den 9 november 2015: General exception: System.ArgumentException An item with the same key has already been added. http://www.folkuniversitetet.se/Skolor/Estetiska-skolor/Konstskolan/Bilder/
14:23:39 den 9 november 2015: General exception: System.ArgumentException An item with the same key has already been added. http://www.folkuniversitetet.se/Skolor/Estetiska-skolor/Konstskolan/Intervjuer-Konstskolan/intervju-med-andre-miller/
14:23:39 den 9 november 2015: General exception: System.ArgumentException An item with the same key has already been added. http://www.folkuniversitetet.se/Skolor/Estetiska-skolor/Konstskolan/Intervjuer-Konstskolan/intervju-med-andre-miller/
14:23:39 den 9 november 2015: General exception: System.ArgumentException An item with the same key has already been added. http://www.folkuniversitetet.se/Skolor/Estetiska-skolor/Konstskolan/Intervjuer-Konstskolan/intervju-med-andre-miller/
14:23:39 den 9 november 2015: General exception: System.ArgumentException An item with the same key has already been added. http://www.folkuniversitetet.se/Skolor/Estetiska-skolor/Konstskolan/Intervjuer-Konstskolan/intervju-med-andre-miller/
14:23:39 den 9 november 2015: General exception: System.ArgumentException An item with the same key has already been added. http://www.folkuniversitetet.se/Skolor/Estetiska-skolor/Konstskolan/Intervjuer-Konstskolan/intervju-med-andre-miller/
14:23:39 den 9 november 2015: General exception: System.ArgumentException An item with the same key has already been added. http://www.folkuniversitetet.se/Skolor/Estetiska-skolor/Konstskolan/Intervjuer-Konstskolan/intervju-med-andre-miller/
14:23:39 den 9 november 2015: General exception: System.ArgumentException An item with the same key has already been added. http://www.folkuniversitetet.se/Skolor/Estetiska-skolor/Konstskolan/Intervjuer-Konstskolan/intervju-med-andre-miller/
14:23:39 den 9 november 2015: General exception: System.ArgumentException An item with the same key has already been added. http://www.folkuniversitetet.se/Skolor/Estetiska-skolor/Konstskolan/Intervjuer-Konstskolan/Intervju-Stella-Pilback/
14:23:39 den 9 november 2015: General exception: System.ArgumentException An item with the same key has already been added. http://www.folkuniversitetet.se/Skolor/Estetiska-skolor/Konstskolan/Intervjuer-Konstskolan/Intervju-Stella-Pilback/
14:23:40 den 9 november 2015: General exception: System.ArgumentException An item with the same key has already been added. http://www.folkuniversitetet.se/Skolor/Estetiska-skolor/Konstskolan/Intervjuer-Konstskolan/Intervju-Stella-Pilback/
14:23:40 den 9 november 2015: General exception: System.ArgumentException An item with the same key has already been added. http://www.folkuniversitetet.se/Skolor/Estetiska-skolor/Konstskolan/Intervjuer-Konstskolan/Intervju-Stella-Pilback/
14:23:40 den 9 november 2015: General exception: System.ArgumentException An item with the same key has already been added. http://www.folkuniversitetet.se/Skolor/Estetiska-skolor/Konstskolan/Intervjuer-Konstskolan/Intervju-Stella-Pilback/
14:23:40 den 9 november 2015: General exception: System.ArgumentException An item with the same key has already been added. http://www.folkuniversitetet.se/Skolor/Estetiska-skolor/Konstskolan/Intervjuer-Konstskolan/Intervju-Stella-Pilback/
14:23:40 den 9 november 2015: General exception: System.ArgumentException An item with the same key has already been added. http://www.folkuniversitetet.se/Skolor/Estetiska-skolor/Konstskolan/Intervjuer-Konstskolan/Intervju-Stella-Pilback/
14:23:40 den 9 november 2015: General exception: System.ArgumentException An item with the same key has already been added. http://www.folkuniversitetet.se/Skolor/Estetiska-skolor/Konstskolan/Intervjuer-Konstskolan/Intervju-med-Julia-Colliander/
14:23:40 den 9 november 2015: General exception: System.ArgumentException An item with the same key has already been added. http://www.folkuniversitetet.se/Skolor/Estetiska-skolor/Konstskolan/Intervjuer-Konstskolan/Intervju-med-Julia-Colliander/
14:23:40 den 9 november 2015: General exception: System.ArgumentException An item with the same key has already been added. http://www.folkuniversitetet.se/Skolor/Estetiska-skolor/Konstskolan/Intervjuer-Konstskolan/Intervju-med-Julia-Colliander/
14:23:40 den 9 november 2015: General exception: System.ArgumentException An item with the same key has already been added. http://www.folkuniversitetet.se/Skolor/Estetiska-skolor/Konstskolan/Intervjuer-Konstskolan/Intervju-med-Julia-Colliander/
14:23:41 den 9 november 2015: General exception: System.ArgumentException An item with the same key has already been added. http://www.folkuniversitetet.se/Skolor/Estetiska-skolor/Konstskolan/Intervjuer-Konstskolan/Intervju-med-Julia-Colliander/
14:23:41 den 9 november 2015: General exception: System.ArgumentException An item with the same key has already been added. http://www.folkuniversitetet.se/Skolor/Estetiska-skolor/Konstskolan/Intervjuer-Konstskolan/Intervju-med-Julia-Colliander/
14:23:41 den 9 november 2015: General exception: System.ArgumentException An item with the same key has already been added. http://www.folkuniversitetet.se/Skolor/Estetiska-skolor/Konstskolan/Intervjuer-Konstskolan/Intervju-med-Julia-Colliander/
14:23:42 den 9 november 2015: General exception: System.ArgumentException An item with the same key has already been added. http://www.folkuniversitetet.se/Skolor/Estetiska-skolor/Silversmide-Smyckesdesign/Utbildningen/
14:23:42 den 9 november 2015: General exception: System.ArgumentException An item with the same key has already been added. http://www.folkuniversitetet.se/Skolor/Estetiska-skolor/Silversmide-Smyckesdesign/Utbildningen/
14:23:42 den 9 november 2015: General exception: System.ArgumentException An item with the same key has already been added. http://www.folkuniversitetet.se/Skolor/Estetiska-skolor/Silversmide-Smyckesdesign/Ansokan/
14:23:42 den 9 november 2015: General exception: System.ArgumentException An item with the same key has already been added. http://www.folkuniversitetet.se/Skolor/Estetiska-skolor/Silversmide-Smyckesdesign/Ansokan/
14:23:42 den 9 november 2015: General exception: System.ArgumentException An item with the same key has already been added. http://www.folkuniversitetet.se/Skolor/Estetiska-skolor/Silversmide-Smyckesdesign/Vara-larare/
14:23:42 den 9 november 2015: General exception: System.ArgumentException An item with the same key has already been added. http://www.folkuniversitetet.se/Skolor/Estetiska-skolor/Silversmide-Smyckesdesign/Vara-larare/
14:23:42 den 9 november 2015: General exception: System.ArgumentException An item with the same key has already been added. http://www.folkuniversitetet.se/Skolor/Estetiska-skolor/Silversmide-Smyckesdesign/om-skolan/
14:23:42 den 9 november 2015: General exception: System.ArgumentException An item with the same key has already been added. http://www.folkuniversitetet.se/Skolor/Estetiska-skolor/Silversmide-Smyckesdesign/om-skolan/
14:23:42 den 9 november 2015: General exception: System.ArgumentException An item with the same key has already been added. http://www.folkuniversitetet.se/Skolor/Estetiska-skolor/Silversmide-Smyckesdesign/Kontakta-oss/
14:23:43 den 9 november 2015: General exception: System.ArgumentException An item with the same key has already been added. http://www.folkuniversitetet.se/Skolor/Estetiska-skolor/Silversmide-Smyckesdesign/Kontakta-oss/
14:23:50 den 9 november 2015: General exception: System.ArgumentException An item with the same key has already been added. http://www.folkuniversitetet.se/Skolor/Estetiska-skolor/Silversmide-Smyckesdesign/Galleri/
14:23:54 den 9 november 2015: General exception: System.ArgumentException An item with the same key has already been added. http://www.folkuniversitetet.se/Skolor/Estetiska-skolor/Silversmide-Smyckesdesign/Galleri/
14:23:55 den 9 november 2015: General exception: System.ArgumentException An item with the same key has already been added. http://www.folkuniversitetet.se/Skolor/skrivarakademin/Skrivarakademin-i-Stockholm/Puffar/Felicia-Feldt/
14:23:56 den 9 november 2015: General exception: System.ArgumentException An item with the same key has already been added. http://www.folkuniversitetet.se/Skolor/Komvux/Helsingborg/Administrativt-arbete/
14:23:56 den 9 november 2015: General exception: System.ArgumentException An item with the same key has already been added. http://www.folkuniversitetet.se/Skolor/Komvux/Helsingborg/Karnamnen/
14:23:58 den 9 november 2015: General exception: System.ArgumentException An item with the same key has already been added. http://www.folkuniversitetet.se/Skolor/Svenska-for-invandrare-sfi/SFI-Vaxjo/SFI/
14:23:58 den 9 november 2015: General exception: System.ArgumentException An item with the same key has already been added. http://www.folkuniversitetet.se/Skolor/Svenska-for-invandrare-sfi/SFI-Vaxjo/SFI/
14:24:03 den 9 november 2015: General exception: System.ArgumentException An item with the same key has already been added. http://www.folkuniversitetet.se/Arbetsmarknad/stod-och-matchning/alla-orter-och-kontaktadresser/stod-och-matchning-kalmar/foretag-vi-samarbetar-med/
14:24:06 den 9 november 2015: General exception: System.ArgumentException An item with the same key has already been added. http://www.folkuniversitetet.se/Har-finns-vi/Harnosand/Foreningar-i-samarbete/
14:24:09 den 9 november 2015: General exception: System.ArgumentException An item with the same key has already been added. http://www.folkuniversitetet.se/Har-finns-vi/Molndal/Yrkeshogskoleutbildningar/
14:24:09 den 9 november 2015: General exception: System.ArgumentException An item with the same key has already been added. http://www.folkuniversitetet.se/Har-finns-vi/Molndal/Yrkeshogskoleutbildningar/
14:24:10 den 9 november 2015: General exception: System.ArgumentException An item with the same key has already been added. http://www.folkuniversitetet.se/Har-finns-vi/Norrkoping/Puffar/Miljodiplom1/
14:24:11 den 9 november 2015: General exception: System.ArgumentException An item with the same key has already been added. http://www.folkuniversitetet.se/Har-finns-vi/Sundsvall/Foreningar-i-samarbete/
14:24:16 den 9 november 2015: General exception: System.ArgumentException An item with the same key has already been added. http://www.folkuniversitetet.se/Kurser--Utbildningar/Sprakkurser/Italienska/Italienska-specialkurser/Distanskurser/italienska-a1-del-2-distans---enskild-start1/?sr=true
14:24:17 den 9 november 2015: General exception: System.ArgumentException An item with the same key has already been added. http://www.folkuniversitetet.se/Kurser--Utbildningar/Sprakkurser/Italienska/Italienska-specialkurser/Distanskurser/italienska-a1-del-2-distans---enskild-start1/
14:24:17 den 9 november 2015: General exception: System.ArgumentException An item with the same key has already been added. http://www.folkuniversitetet.se/Kurser--Utbildningar/Sprakkurser/Italienska/Italienska-specialkurser/Distanskurser/italienska-a1-del-2-distans---enskild-start/?sr=true
14:24:18 den 9 november 2015: General exception: System.ArgumentException An item with the same key has already been added. http://www.folkuniversitetet.se/Kurser--Utbildningar/Sprakkurser/Italienska/Italienska-specialkurser/Distanskurser/italienska-a1-del-2-distans---enskild-start/
14:24:28 den 9 november 2015: General exception: System.ArgumentException An item with the same key has already been added. http://www.folkuniversitetet.se/Kurser--Utbildningar/Dans-Musik-Teater/Musik/Musikproduktion/Stockholm/musikproduktion-i-cubase-del-3-mixning-grunderna/?sr=true
14:24:29 den 9 november 2015: General exception: System.ArgumentException An item with the same key has already been added. http://www.folkuniversitetet.se/Kurser--Utbildningar/Dans-Musik-Teater/Musik/Musikproduktion/Stockholm/musikproduktion-i-cubase-del-3-mixning-grunderna/
14:24:30 den 9 november 2015: General exception: System.ArgumentException An item with the same key has already been added. http://www.folkuniversitetet.se/Kurser--Utbildningar/Dans-Musik-Teater/Musik/Musikproduktion/Stockholm/musikproduktion-i-cubase-del-4-mixning-forts/?sr=true
14:24:31 den 9 november 2015: General exception: System.ArgumentException An item with the same key has already been added. http://www.folkuniversitetet.se/Kurser--Utbildningar/Dans-Musik-Teater/Musik/Musikproduktion/Stockholm/musikproduktion-i-cubase-del-4-mixning-forts/
14:24:45 den 9 november 2015: General exception: System.ArgumentException An item with the same key has already been added. http://www.folkuniversitetet.se/Las-mer-om-sprak/Sprakexamina/Swedex/Aktuellt/testledarutbildningar-host-2015/
14:24:47 den 9 november 2015: General exception: System.ArgumentException An item with the same key has already been added. http://www.folkuniversitetet.se/Skolor/Yrkeshogskoleutbildning/Yh-oversikt/Halsa/Tandskoterska-Uppsala/ansokan-tandskoterska-uppsala/
