08:26:10 den 30 oktober 2015: Starting  http://www.folkuniversitetet.se
08:26:54 den 30 oktober 2015: Parse took 12 seconds  http://www.folkuniversitetet.se/SysSiteAssets/dokumentbanken/gemensamma-dokument/faktaomfolkun.pdf/
08:33:35 den 30 oktober 2015: http://www.folkuniversitetet.se/Kursanmalan/?arrid=153552  ,reached 100 visits. Blocking that page
08:33:36 den 30 oktober 2015: http://www.folkuniversitetet.se/Kursanmalan/?arrid=165678  ,reached 100 visits. Blocking that page
08:33:36 den 30 oktober 2015: http://www.folkuniversitetet.se/Kursanmalan/?arrid=165679  ,reached 100 visits. Blocking that page
08:33:37 den 30 oktober 2015: http://www.folkuniversitetet.se/Kursanmalan/?arrid=165680  ,reached 100 visits. Blocking that page
08:33:39 den 30 oktober 2015: http://www.folkuniversitetet.se/Kursanmalan/?arrid=165665  ,reached 100 visits. Blocking that page
08:33:45 den 30 oktober 2015: http://www.folkuniversitetet.se/Kursanmalan/?arrid=165883  ,reached 100 visits. Blocking that page
08:33:46 den 30 oktober 2015: http://www.folkuniversitetet.se/Kursanmalan/?arrid=165881  ,reached 100 visits. Blocking that page
08:33:47 den 30 oktober 2015: http://www.folkuniversitetet.se/Kursanmalan/?arrid=165882  ,reached 100 visits. Blocking that page
08:33:47 den 30 oktober 2015: http://www.folkuniversitetet.se/Kursanmalan/?arrid=165880  ,reached 100 visits. Blocking that page
08:33:48 den 30 oktober 2015: http://www.folkuniversitetet.se/Kursanmalan/?arrid=164272  ,reached 100 visits. Blocking that page
08:33:48 den 30 oktober 2015: http://www.folkuniversitetet.se/Kursanmalan/?arrid=160047  ,reached 100 visits. Blocking that page
08:33:49 den 30 oktober 2015: http://www.folkuniversitetet.se/Kursanmalan/?arrid=154785  ,reached 100 visits. Blocking that page
08:33:50 den 30 oktober 2015: http://www.folkuniversitetet.se/Kursanmalan/?arrid=164273  ,reached 100 visits. Blocking that page
08:33:50 den 30 oktober 2015: http://www.folkuniversitetet.se/Kursanmalan/?arrid=158760  ,reached 100 visits. Blocking that page
08:33:51 den 30 oktober 2015: http://www.folkuniversitetet.se/Kursanmalan/?arrid=157662  ,reached 100 visits. Blocking that page
08:33:51 den 30 oktober 2015: http://www.folkuniversitetet.se/Kursanmalan/?arrid=157616  ,reached 100 visits. Blocking that page
08:33:52 den 30 oktober 2015: http://www.folkuniversitetet.se/Kursanmalan/?arrid=164493  ,reached 100 visits. Blocking that page
08:33:52 den 30 oktober 2015: http://www.folkuniversitetet.se/Kursanmalan/?arrid=151990  ,reached 100 visits. Blocking that page
08:33:53 den 30 oktober 2015: http://www.folkuniversitetet.se/Kursanmalan/?arrid=165885  ,reached 100 visits. Blocking that page
08:33:54 den 30 oktober 2015: http://www.folkuniversitetet.se/Kursanmalan/?arrid=165884  ,reached 100 visits. Blocking that page
08:33:55 den 30 oktober 2015: http://www.folkuniversitetet.se/Kursanmalan/?arrid=154776  ,reached 100 visits. Blocking that page
08:33:55 den 30 oktober 2015: http://www.folkuniversitetet.se/Kursanmalan/?arrid=151197  ,reached 100 visits. Blocking that page
08:33:56 den 30 oktober 2015: http://www.folkuniversitetet.se/Kursanmalan/?arrid=151196  ,reached 100 visits. Blocking that page
08:33:56 den 30 oktober 2015: http://www.folkuniversitetet.se/Kursanmalan/?arrid=154760  ,reached 100 visits. Blocking that page
08:33:57 den 30 oktober 2015: http://www.folkuniversitetet.se/Kursanmalan/?arrid=160507  ,reached 100 visits. Blocking that page
08:34:02 den 30 oktober 2015: http://www.folkuniversitetet.se/Kursanmalan/?arrid=153517  ,reached 100 visits. Blocking that page
08:34:03 den 30 oktober 2015: http://www.folkuniversitetet.se/Kursanmalan/?arrid=155011  ,reached 100 visits. Blocking that page
08:34:04 den 30 oktober 2015: http://www.folkuniversitetet.se/Kursanmalan/?arrid=155120  ,reached 100 visits. Blocking that page
08:34:04 den 30 oktober 2015: http://www.folkuniversitetet.se/Kursanmalan/?arrid=156529  ,reached 100 visits. Blocking that page
08:34:05 den 30 oktober 2015: http://www.folkuniversitetet.se/Kursanmalan/?arrid=151860  ,reached 100 visits. Blocking that page
08:34:06 den 30 oktober 2015: http://www.folkuniversitetet.se/Kursanmalan/?arrid=156039  ,reached 100 visits. Blocking that page
08:34:06 den 30 oktober 2015: http://www.folkuniversitetet.se/Kursanmalan/?arrid=155275  ,reached 100 visits. Blocking that page
08:34:07 den 30 oktober 2015: http://www.folkuniversitetet.se/Kursanmalan/?arrid=156053  ,reached 100 visits. Blocking that page
08:34:08 den 30 oktober 2015: http://www.folkuniversitetet.se/Kursanmalan/?arrid=160046  ,reached 100 visits. Blocking that page
08:34:08 den 30 oktober 2015: http://www.folkuniversitetet.se/Kursanmalan/?arrid=165867  ,reached 100 visits. Blocking that page
08:34:09 den 30 oktober 2015: http://www.folkuniversitetet.se/Kursanmalan/?arrid=160567  ,reached 100 visits. Blocking that page
08:34:09 den 30 oktober 2015: http://www.folkuniversitetet.se/Kursanmalan/?arrid=165906  ,reached 100 visits. Blocking that page
08:34:10 den 30 oktober 2015: http://www.folkuniversitetet.se/Kursanmalan/?arrid=153539  ,reached 100 visits. Blocking that page
08:34:11 den 30 oktober 2015: http://www.folkuniversitetet.se/Kursanmalan/?arrid=150202  ,reached 100 visits. Blocking that page
08:34:11 den 30 oktober 2015: http://www.folkuniversitetet.se/Kursanmalan/?arrid=164899  ,reached 100 visits. Blocking that page
08:34:22 den 30 oktober 2015: http://www.folkuniversitetet.se/Kursanmalan/?arrid=158594  ,reached 100 visits. Blocking that page
08:34:23 den 30 oktober 2015: http://www.folkuniversitetet.se/Kursanmalan/?arrid=158597  ,reached 100 visits. Blocking that page
08:34:23 den 30 oktober 2015: http://www.folkuniversitetet.se/Kursanmalan/?arrid=156035  ,reached 100 visits. Blocking that page
08:34:30 den 30 oktober 2015: http://www.folkuniversitetet.se/Kursanmalan/?arrid=165137  ,reached 100 visits. Blocking that page
08:34:30 den 30 oktober 2015: http://www.folkuniversitetet.se/Kursanmalan/?arrid=160967  ,reached 100 visits. Blocking that page
08:34:31 den 30 oktober 2015: http://www.folkuniversitetet.se/Kursanmalan/?arrid=158553  ,reached 100 visits. Blocking that page
08:34:32 den 30 oktober 2015: http://www.folkuniversitetet.se/Kursanmalan/?arrid=155638  ,reached 100 visits. Blocking that page
08:34:33 den 30 oktober 2015: http://www.folkuniversitetet.se/Kursanmalan/?arrid=150713  ,reached 100 visits. Blocking that page
08:34:43 den 30 oktober 2015: http://www.folkuniversitetet.se/Kursanmalan/?arrid=155906  ,reached 100 visits. Blocking that page
08:34:44 den 30 oktober 2015: http://www.folkuniversitetet.se/Kursanmalan/?arrid=165688  ,reached 100 visits. Blocking that page
08:34:46 den 30 oktober 2015: http://www.folkuniversitetet.se/Kursanmalan/?arrid=155838  ,reached 100 visits. Blocking that page
08:34:46 den 30 oktober 2015: http://www.folkuniversitetet.se/Kursanmalan/?arrid=161489  ,reached 100 visits. Blocking that page
08:34:47 den 30 oktober 2015: http://www.folkuniversitetet.se/Kursanmalan/?arrid=153752  ,reached 100 visits. Blocking that page
08:34:48 den 30 oktober 2015: http://www.folkuniversitetet.se/Kursanmalan/?arrid=157690  ,reached 100 visits. Blocking that page
08:34:48 den 30 oktober 2015: http://www.folkuniversitetet.se/Kursanmalan/?arrid=153943  ,reached 100 visits. Blocking that page
08:34:49 den 30 oktober 2015: http://www.folkuniversitetet.se/Kursanmalan/?arrid=155274  ,reached 100 visits. Blocking that page
08:34:50 den 30 oktober 2015: http://www.folkuniversitetet.se/Kursanmalan/?arrid=153351  ,reached 100 visits. Blocking that page
08:34:55 den 30 oktober 2015: http://www.folkuniversitetet.se/Kursanmalan/?arrid=159523  ,reached 100 visits. Blocking that page
08:35:04 den 30 oktober 2015: http://www.folkuniversitetet.se/Kursanmalan/?arrid=157380  ,reached 100 visits. Blocking that page
08:35:06 den 30 oktober 2015: http://www.folkuniversitetet.se/Kursanmalan/?arrid=154972  ,reached 100 visits. Blocking that page
08:35:08 den 30 oktober 2015: http://www.folkuniversitetet.se/Kursanmalan/?arrid=155501  ,reached 100 visits. Blocking that page
08:35:09 den 30 oktober 2015: http://www.folkuniversitetet.se/Kursanmalan/?arrid=157417  ,reached 100 visits. Blocking that page
08:35:09 den 30 oktober 2015: http://www.folkuniversitetet.se/Kursanmalan/?arrid=158607  ,reached 100 visits. Blocking that page
08:35:10 den 30 oktober 2015: http://www.folkuniversitetet.se/Kursanmalan/?arrid=150448  ,reached 100 visits. Blocking that page
08:35:11 den 30 oktober 2015: http://www.folkuniversitetet.se/Kursanmalan/?arrid=160577  ,reached 100 visits. Blocking that page
08:35:11 den 30 oktober 2015: http://www.folkuniversitetet.se/Kursanmalan/?arrid=153703  ,reached 100 visits. Blocking that page
08:35:12 den 30 oktober 2015: http://www.folkuniversitetet.se/Kursanmalan/?arrid=157659  ,reached 100 visits. Blocking that page
08:35:13 den 30 oktober 2015: http://www.folkuniversitetet.se/Kursanmalan/?arrid=165365  ,reached 100 visits. Blocking that page
08:35:14 den 30 oktober 2015: http://www.folkuniversitetet.se/Kursanmalan/?arrid=151193  ,reached 100 visits. Blocking that page
08:35:15 den 30 oktober 2015: http://www.folkuniversitetet.se/Kursanmalan/?arrid=165985  ,reached 100 visits. Blocking that page
08:35:15 den 30 oktober 2015: http://www.folkuniversitetet.se/Kursanmalan/?arrid=153593  ,reached 100 visits. Blocking that page
08:35:17 den 30 oktober 2015: http://www.folkuniversitetet.se/Kursanmalan/?arrid=160025  ,reached 100 visits. Blocking that page
08:35:17 den 30 oktober 2015: http://www.folkuniversitetet.se/Kursanmalan/?arrid=160953  ,reached 100 visits. Blocking that page
08:35:21 den 30 oktober 2015: http://www.folkuniversitetet.se/Kursanmalan/?arrid=164194  ,reached 100 visits. Blocking that page
08:35:22 den 30 oktober 2015: http://www.folkuniversitetet.se/Kursanmalan/?arrid=156964  ,reached 100 visits. Blocking that page
08:35:23 den 30 oktober 2015: http://www.folkuniversitetet.se/Kursanmalan/?arrid=155291  ,reached 100 visits. Blocking that page
08:35:24 den 30 oktober 2015: http://www.folkuniversitetet.se/Kursanmalan/?arrid=158180  ,reached 100 visits. Blocking that page
08:35:25 den 30 oktober 2015: http://www.folkuniversitetet.se/Kursanmalan/?arrid=157565  ,reached 100 visits. Blocking that page
08:35:25 den 30 oktober 2015: http://www.folkuniversitetet.se/Kursanmalan/?arrid=154662  ,reached 100 visits. Blocking that page
08:35:26 den 30 oktober 2015: http://www.folkuniversitetet.se/Kursanmalan/?arrid=160307  ,reached 100 visits. Blocking that page
08:35:26 den 30 oktober 2015: http://www.folkuniversitetet.se/Kursanmalan/?arrid=155932  ,reached 100 visits. Blocking that page
08:35:28 den 30 oktober 2015: http://www.folkuniversitetet.se/Kursanmalan/?arrid=158404  ,reached 100 visits. Blocking that page
08:35:30 den 30 oktober 2015: http://www.folkuniversitetet.se/Kursanmalan/?arrid=157628  ,reached 100 visits. Blocking that page
08:35:31 den 30 oktober 2015: http://www.folkuniversitetet.se/Kursanmalan/?arrid=160499  ,reached 100 visits. Blocking that page
08:35:31 den 30 oktober 2015: http://www.folkuniversitetet.se/Kursanmalan/?arrid=157510  ,reached 100 visits. Blocking that page
08:35:37 den 30 oktober 2015: http://www.folkuniversitetet.se/Kursanmalan/?arrid=164393  ,reached 100 visits. Blocking that page
08:35:37 den 30 oktober 2015: http://www.folkuniversitetet.se/Kursanmalan/?arrid=161990  ,reached 100 visits. Blocking that page
08:35:38 den 30 oktober 2015: http://www.folkuniversitetet.se/Kursanmalan/?arrid=165742  ,reached 100 visits. Blocking that page
08:35:39 den 30 oktober 2015: http://www.folkuniversitetet.se/Kursanmalan/?arrid=164750  ,reached 100 visits. Blocking that page
08:35:39 den 30 oktober 2015: http://www.folkuniversitetet.se/Kursanmalan/?arrid=164723  ,reached 100 visits. Blocking that page
08:35:40 den 30 oktober 2015: http://www.folkuniversitetet.se/Kursanmalan/?arrid=164741  ,reached 100 visits. Blocking that page
08:35:41 den 30 oktober 2015: http://www.folkuniversitetet.se/Kursanmalan/?arrid=165100  ,reached 100 visits. Blocking that page
08:35:42 den 30 oktober 2015: http://www.folkuniversitetet.se/Kursanmalan/?arrid=165086  ,reached 100 visits. Blocking that page
08:35:42 den 30 oktober 2015: http://www.folkuniversitetet.se/Kursanmalan/?arrid=165836  ,reached 100 visits. Blocking that page
08:35:44 den 30 oktober 2015: http://www.folkuniversitetet.se/Kursanmalan/?arrid=165437  ,reached 100 visits. Blocking that page
08:35:44 den 30 oktober 2015: http://www.folkuniversitetet.se/Kursanmalan/?arrid=164352  ,reached 100 visits. Blocking that page
08:35:45 den 30 oktober 2015: http://www.folkuniversitetet.se/Kursanmalan/?arrid=165911  ,reached 100 visits. Blocking that page
08:35:46 den 30 oktober 2015: http://www.folkuniversitetet.se/Kursanmalan/?arrid=165979  ,reached 100 visits. Blocking that page
08:35:47 den 30 oktober 2015: http://www.folkuniversitetet.se/Kursanmalan/?arrid=165593  ,reached 100 visits. Blocking that page
08:35:51 den 30 oktober 2015: http://www.folkuniversitetet.se/Kursanmalan/?arrid=139158  ,reached 100 visits. Blocking that page
08:35:51 den 30 oktober 2015: http://www.folkuniversitetet.se/Kursanmalan/?arrid=139159  ,reached 100 visits. Blocking that page
08:35:52 den 30 oktober 2015: http://www.folkuniversitetet.se/Kursanmalan/?arrid=139160  ,reached 100 visits. Blocking that page
08:35:53 den 30 oktober 2015: http://www.folkuniversitetet.se/Kursanmalan/?arrid=139161  ,reached 100 visits. Blocking that page
08:35:54 den 30 oktober 2015: http://www.folkuniversitetet.se/Kursanmalan/?arrid=165062  ,reached 100 visits. Blocking that page
08:35:55 den 30 oktober 2015: http://www.folkuniversitetet.se/Kursanmalan/?arrid=165061  ,reached 100 visits. Blocking that page
08:35:56 den 30 oktober 2015: http://www.folkuniversitetet.se/Kursanmalan/?arrid=165060  ,reached 100 visits. Blocking that page
08:35:57 den 30 oktober 2015: http://www.folkuniversitetet.se/Kursanmalan/?arrid=165064  ,reached 100 visits. Blocking that page
08:35:57 den 30 oktober 2015: http://www.folkuniversitetet.se/Kursanmalan/?arrid=165063  ,reached 100 visits. Blocking that page
08:35:59 den 30 oktober 2015: http://www.folkuniversitetet.se/Kursanmalan/?arrid=139171  ,reached 100 visits. Blocking that page
08:35:59 den 30 oktober 2015: http://www.folkuniversitetet.se/Kursanmalan/?arrid=139172  ,reached 100 visits. Blocking that page
08:36:00 den 30 oktober 2015: http://www.folkuniversitetet.se/Kursanmalan/?arrid=153792  ,reached 100 visits. Blocking that page
08:36:00 den 30 oktober 2015: http://www.folkuniversitetet.se/Kursanmalan/?arrid=139175  ,reached 100 visits. Blocking that page
08:36:01 den 30 oktober 2015: http://www.folkuniversitetet.se/Kursanmalan/?arrid=157548  ,reached 100 visits. Blocking that page
08:36:02 den 30 oktober 2015: http://www.folkuniversitetet.se/Kursanmalan/?arrid=165982  ,reached 100 visits. Blocking that page
08:36:03 den 30 oktober 2015: http://www.folkuniversitetet.se/Kursanmalan/?arrid=148948  ,reached 100 visits. Blocking that page
08:36:03 den 30 oktober 2015: http://www.folkuniversitetet.se/Kursanmalan/?arrid=165984  ,reached 100 visits. Blocking that page
08:36:16 den 30 oktober 2015: http://www.folkuniversitetet.se/Kursanmalan/?arrid=165179  ,reached 100 visits. Blocking that page
08:36:16 den 30 oktober 2015: http://www.folkuniversitetet.se/Kursanmalan/?arrid=165051  ,reached 100 visits. Blocking that page
08:36:17 den 30 oktober 2015: http://www.folkuniversitetet.se/Kursanmalan/?arrid=156809  ,reached 100 visits. Blocking that page
08:36:17 den 30 oktober 2015: http://www.folkuniversitetet.se/Kursanmalan/?arrid=156761  ,reached 100 visits. Blocking that page
08:36:18 den 30 oktober 2015: http://www.folkuniversitetet.se/Kursanmalan/?arrid=156815  ,reached 100 visits. Blocking that page
08:36:19 den 30 oktober 2015: http://www.folkuniversitetet.se/Kursanmalan/?arrid=159765  ,reached 100 visits. Blocking that page
08:36:20 den 30 oktober 2015: http://www.folkuniversitetet.se/Kursanmalan/?arrid=155933  ,reached 100 visits. Blocking that page
08:36:21 den 30 oktober 2015: http://www.folkuniversitetet.se/Kursanmalan/?arrid=155726  ,reached 100 visits. Blocking that page
08:36:21 den 30 oktober 2015: http://www.folkuniversitetet.se/Kursanmalan/?arrid=165242  ,reached 100 visits. Blocking that page
08:36:22 den 30 oktober 2015: http://www.folkuniversitetet.se/Kursanmalan/?arrid=165115  ,reached 100 visits. Blocking that page
08:36:23 den 30 oktober 2015: http://www.folkuniversitetet.se/Kursanmalan/?arrid=156064  ,reached 100 visits. Blocking that page
08:36:24 den 30 oktober 2015: http://www.folkuniversitetet.se/Kursanmalan/?arrid=156594  ,reached 100 visits. Blocking that page
08:36:24 den 30 oktober 2015: http://www.folkuniversitetet.se/Kursanmalan/?arrid=156822  ,reached 100 visits. Blocking that page
08:36:25 den 30 oktober 2015: http://www.folkuniversitetet.se/Kursanmalan/?arrid=157039  ,reached 100 visits. Blocking that page
08:36:31 den 30 oktober 2015: http://www.folkuniversitetet.se/Kursanmalan/?arrid=154754  ,reached 100 visits. Blocking that page
08:36:31 den 30 oktober 2015: http://www.folkuniversitetet.se/Kursanmalan/?arrid=151858  ,reached 100 visits. Blocking that page
08:36:32 den 30 oktober 2015: http://www.folkuniversitetet.se/Kursanmalan/?arrid=164796  ,reached 100 visits. Blocking that page
08:36:32 den 30 oktober 2015: http://www.folkuniversitetet.se/Kursanmalan/?arrid=159692  ,reached 100 visits. Blocking that page
08:36:33 den 30 oktober 2015: http://www.folkuniversitetet.se/Kursanmalan/?arrid=157012  ,reached 100 visits. Blocking that page
08:36:33 den 30 oktober 2015: http://www.folkuniversitetet.se/Kursanmalan/?arrid=166133  ,reached 100 visits. Blocking that page
08:36:34 den 30 oktober 2015: http://www.folkuniversitetet.se/Kursanmalan/?arrid=165746  ,reached 100 visits. Blocking that page
08:36:35 den 30 oktober 2015: http://www.folkuniversitetet.se/Kursanmalan/?arrid=151274  ,reached 100 visits. Blocking that page
08:36:36 den 30 oktober 2015: http://www.folkuniversitetet.se/Kursanmalan/?arrid=151167  ,reached 100 visits. Blocking that page
08:36:37 den 30 oktober 2015: http://www.folkuniversitetet.se/Kursanmalan/?arrid=151155  ,reached 100 visits. Blocking that page
08:36:38 den 30 oktober 2015: http://www.folkuniversitetet.se/Kursanmalan/?arrid=141220  ,reached 100 visits. Blocking that page
08:36:38 den 30 oktober 2015: http://www.folkuniversitetet.se/Kursanmalan/?arrid=151859  ,reached 100 visits. Blocking that page
08:36:40 den 30 oktober 2015: http://www.folkuniversitetet.se/Kursanmalan/?arrid=165792  ,reached 100 visits. Blocking that page
08:36:41 den 30 oktober 2015: http://www.folkuniversitetet.se/Kursanmalan/?arrid=151280  ,reached 100 visits. Blocking that page
08:36:44 den 30 oktober 2015: http://www.folkuniversitetet.se/Kursanmalan/?arrid=151345  ,reached 100 visits. Blocking that page
08:36:45 den 30 oktober 2015: http://www.folkuniversitetet.se/Kursanmalan/?arrid=151173  ,reached 100 visits. Blocking that page
08:36:46 den 30 oktober 2015: http://www.folkuniversitetet.se/Kursanmalan/?arrid=151172  ,reached 100 visits. Blocking that page
08:36:46 den 30 oktober 2015: http://www.folkuniversitetet.se/Kursanmalan/?arrid=152482  ,reached 100 visits. Blocking that page
08:36:47 den 30 oktober 2015: http://www.folkuniversitetet.se/Kursanmalan/?arrid=154163  ,reached 100 visits. Blocking that page
08:37:09 den 30 oktober 2015: http://www.folkuniversitetet.se/Kursanmalan/?arrid=157635  ,reached 100 visits. Blocking that page
08:37:09 den 30 oktober 2015: http://www.folkuniversitetet.se/Kursanmalan/?arrid=157638  ,reached 100 visits. Blocking that page
08:37:13 den 30 oktober 2015: http://www.folkuniversitetet.se/Kursanmalan/?arrid=154123  ,reached 100 visits. Blocking that page
08:37:13 den 30 oktober 2015: http://www.folkuniversitetet.se/Kursanmalan/?arrid=154122  ,reached 100 visits. Blocking that page
08:37:14 den 30 oktober 2015: http://www.folkuniversitetet.se/Kursanmalan/?arrid=157637  ,reached 100 visits. Blocking that page
08:37:14 den 30 oktober 2015: http://www.folkuniversitetet.se/Kursanmalan/?arrid=153551  ,reached 100 visits. Blocking that page
08:37:16 den 30 oktober 2015: http://www.folkuniversitetet.se/Kursanmalan/?arrid=156669  ,reached 100 visits. Blocking that page
08:37:16 den 30 oktober 2015: http://www.folkuniversitetet.se/Kursanmalan/?arrid=158490  ,reached 100 visits. Blocking that page
08:37:17 den 30 oktober 2015: http://www.folkuniversitetet.se/Kursanmalan/?arrid=155523  ,reached 100 visits. Blocking that page
08:37:30 den 30 oktober 2015: http://www.folkuniversitetet.se/Kursanmalan/?arrid=153981  ,reached 100 visits. Blocking that page
08:37:31 den 30 oktober 2015: http://www.folkuniversitetet.se/Kursanmalan/?arrid=157634  ,reached 100 visits. Blocking that page
08:37:31 den 30 oktober 2015: http://www.folkuniversitetet.se/Kursanmalan/?arrid=154036  ,reached 100 visits. Blocking that page
08:37:31 den 30 oktober 2015: http://www.folkuniversitetet.se/Kursanmalan/?arrid=154060  ,reached 100 visits. Blocking that page
08:37:32 den 30 oktober 2015: http://www.folkuniversitetet.se/Kursanmalan/?arrid=154054  ,reached 100 visits. Blocking that page
08:37:33 den 30 oktober 2015: http://www.folkuniversitetet.se/Kursanmalan/?arrid=154033  ,reached 100 visits. Blocking that page
08:37:33 den 30 oktober 2015: http://www.folkuniversitetet.se/Kursanmalan/?arrid=154056  ,reached 100 visits. Blocking that page
08:37:34 den 30 oktober 2015: http://www.folkuniversitetet.se/Kursanmalan/?arrid=157207  ,reached 100 visits. Blocking that page
08:37:34 den 30 oktober 2015: http://www.folkuniversitetet.se/Kursanmalan/?arrid=158383  ,reached 100 visits. Blocking that page
08:37:35 den 30 oktober 2015: http://www.folkuniversitetet.se/Kursanmalan/?arrid=154035  ,reached 100 visits. Blocking that page
08:37:35 den 30 oktober 2015: http://www.folkuniversitetet.se/Kursanmalan/?arrid=154058  ,reached 100 visits. Blocking that page
08:37:38 den 30 oktober 2015: http://www.folkuniversitetet.se/Kursanmalan/?arrid=150456  ,reached 100 visits. Blocking that page
08:37:39 den 30 oktober 2015: http://www.folkuniversitetet.se/Kursanmalan/?arrid=155097  ,reached 100 visits. Blocking that page
08:37:39 den 30 oktober 2015: http://www.folkuniversitetet.se/Kursanmalan/?arrid=155079  ,reached 100 visits. Blocking that page
08:37:40 den 30 oktober 2015: http://www.folkuniversitetet.se/Kursanmalan/?arrid=154582  ,reached 100 visits. Blocking that page
08:37:41 den 30 oktober 2015: http://www.folkuniversitetet.se/Kursanmalan/?arrid=157550  ,reached 100 visits. Blocking that page
08:37:48 den 30 oktober 2015: http://www.folkuniversitetet.se/Kursanmalan/?arrid=154996  ,reached 100 visits. Blocking that page
08:37:48 den 30 oktober 2015: http://www.folkuniversitetet.se/Kursanmalan/?arrid=153794  ,reached 100 visits. Blocking that page
08:37:49 den 30 oktober 2015: http://www.folkuniversitetet.se/Kursanmalan/?arrid=157642  ,reached 100 visits. Blocking that page
08:37:50 den 30 oktober 2015: http://www.folkuniversitetet.se/Kursanmalan/?arrid=157639  ,reached 100 visits. Blocking that page
08:37:52 den 30 oktober 2015: http://www.folkuniversitetet.se/Kursanmalan/?arrid=155498  ,reached 100 visits. Blocking that page
08:37:53 den 30 oktober 2015: http://www.folkuniversitetet.se/Kursanmalan/?arrid=157436  ,reached 100 visits. Blocking that page
08:37:54 den 30 oktober 2015: http://www.folkuniversitetet.se/Kursanmalan/?arrid=163730  ,reached 100 visits. Blocking that page
08:39:35 den 30 oktober 2015: http://www.folkuniversitetet.se/Kursanmalan/?arrid=165939  ,reached 100 visits. Blocking that page
08:39:36 den 30 oktober 2015: http://www.folkuniversitetet.se/Kursanmalan/?arrid=154490  ,reached 100 visits. Blocking that page
08:39:37 den 30 oktober 2015: http://www.folkuniversitetet.se/Kursanmalan/?arrid=152376  ,reached 100 visits. Blocking that page
08:39:38 den 30 oktober 2015: http://www.folkuniversitetet.se/Kursanmalan/?arrid=157109  ,reached 100 visits. Blocking that page
08:39:39 den 30 oktober 2015: http://www.folkuniversitetet.se/Kursanmalan/?arrid=164562  ,reached 100 visits. Blocking that page
08:39:39 den 30 oktober 2015: http://www.folkuniversitetet.se/Kursanmalan/?arrid=161231  ,reached 100 visits. Blocking that page
08:39:40 den 30 oktober 2015: http://www.folkuniversitetet.se/Kursanmalan/?arrid=164588  ,reached 100 visits. Blocking that page
08:39:41 den 30 oktober 2015: http://www.folkuniversitetet.se/Kursanmalan/?arrid=141523  ,reached 100 visits. Blocking that page
08:39:41 den 30 oktober 2015: http://www.folkuniversitetet.se/Kursanmalan/?arrid=152507  ,reached 100 visits. Blocking that page
08:39:42 den 30 oktober 2015: http://www.folkuniversitetet.se/Kursanmalan/?arrid=152183  ,reached 100 visits. Blocking that page
08:39:42 den 30 oktober 2015: http://www.folkuniversitetet.se/Kursanmalan/?arrid=155228  ,reached 100 visits. Blocking that page
08:39:44 den 30 oktober 2015: http://www.folkuniversitetet.se/Kursanmalan/?arrid=154678  ,reached 100 visits. Blocking that page
08:39:45 den 30 oktober 2015: http://www.folkuniversitetet.se/Kursanmalan/?arrid=154793  ,reached 100 visits. Blocking that page
08:39:46 den 30 oktober 2015: http://www.folkuniversitetet.se/Kursanmalan/?arrid=154784  ,reached 100 visits. Blocking that page
08:39:57 den 30 oktober 2015: http://www.folkuniversitetet.se/Kursanmalan/?arrid=156421  ,reached 100 visits. Blocking that page
08:39:58 den 30 oktober 2015: http://www.folkuniversitetet.se/Kursanmalan/?arrid=156422  ,reached 100 visits. Blocking that page
08:40:00 den 30 oktober 2015: http://www.folkuniversitetet.se/Kursanmalan/?arrid=156466  ,reached 100 visits. Blocking that page
08:40:00 den 30 oktober 2015: http://www.folkuniversitetet.se/Kursanmalan/?arrid=156217  ,reached 100 visits. Blocking that page
08:40:01 den 30 oktober 2015: http://www.folkuniversitetet.se/Kursanmalan/?arrid=156463  ,reached 100 visits. Blocking that page
08:40:03 den 30 oktober 2015: http://www.folkuniversitetet.se/Kursanmalan/?arrid=156465  ,reached 100 visits. Blocking that page
08:40:07 den 30 oktober 2015: http://www.folkuniversitetet.se/Kursanmalan/?arrid=156202  ,reached 100 visits. Blocking that page
08:40:20 den 30 oktober 2015: http://www.folkuniversitetet.se/Kursanmalan/?arrid=160544  ,reached 100 visits. Blocking that page
08:40:20 den 30 oktober 2015: http://www.folkuniversitetet.se/Kursanmalan/?arrid=158838  ,reached 100 visits. Blocking that page
08:40:21 den 30 oktober 2015: http://www.folkuniversitetet.se/Kursanmalan/?arrid=158844  ,reached 100 visits. Blocking that page
08:40:23 den 30 oktober 2015: http://www.folkuniversitetet.se/Kursanmalan/?arrid=158507  ,reached 100 visits. Blocking that page
08:40:23 den 30 oktober 2015: http://www.folkuniversitetet.se/Kursanmalan/?arrid=158502  ,reached 100 visits. Blocking that page
08:40:24 den 30 oktober 2015: http://www.folkuniversitetet.se/Kursanmalan/?arrid=158617  ,reached 100 visits. Blocking that page
08:40:24 den 30 oktober 2015: http://www.folkuniversitetet.se/Kursanmalan/?arrid=158620  ,reached 100 visits. Blocking that page
08:40:26 den 30 oktober 2015: http://www.folkuniversitetet.se/Kursanmalan/?arrid=158619  ,reached 100 visits. Blocking that page
08:40:26 den 30 oktober 2015: http://www.folkuniversitetet.se/Kursanmalan/?arrid=158621  ,reached 100 visits. Blocking that page
08:40:27 den 30 oktober 2015: http://www.folkuniversitetet.se/Kursanmalan/?arrid=158618  ,reached 100 visits. Blocking that page
08:40:28 den 30 oktober 2015: http://www.folkuniversitetet.se/Kursanmalan/?arrid=158622  ,reached 100 visits. Blocking that page
08:40:28 den 30 oktober 2015: http://www.folkuniversitetet.se/Kursanmalan/?arrid=139024  ,reached 100 visits. Blocking that page
08:40:50 den 30 oktober 2015: http://www.folkuniversitetet.se/Kursanmalan/?arrid=151575  ,reached 100 visits. Blocking that page
08:40:50 den 30 oktober 2015: http://www.folkuniversitetet.se/Kursanmalan/?arrid=151571  ,reached 100 visits. Blocking that page
08:40:51 den 30 oktober 2015: http://www.folkuniversitetet.se/Kursanmalan/?arrid=151654  ,reached 100 visits. Blocking that page
08:40:54 den 30 oktober 2015: http://www.folkuniversitetet.se/Kursanmalan/?arrid=151655  ,reached 100 visits. Blocking that page
08:40:59 den 30 oktober 2015: http://www.folkuniversitetet.se/Kursanmalan/?arrid=164368  ,reached 100 visits. Blocking that page
08:41:00 den 30 oktober 2015: http://www.folkuniversitetet.se/Kursanmalan/?arrid=156973  ,reached 100 visits. Blocking that page
08:41:00 den 30 oktober 2015: http://www.folkuniversitetet.se/Kursanmalan/?arrid=157489  ,reached 100 visits. Blocking that page
08:41:01 den 30 oktober 2015: http://www.folkuniversitetet.se/Kursanmalan/?arrid=157491  ,reached 100 visits. Blocking that page
08:41:02 den 30 oktober 2015: http://www.folkuniversitetet.se/Kursanmalan/?arrid=153316  ,reached 100 visits. Blocking that page
08:41:03 den 30 oktober 2015: http://www.folkuniversitetet.se/Kursanmalan/?arrid=155028  ,reached 100 visits. Blocking that page
08:41:03 den 30 oktober 2015: http://www.folkuniversitetet.se/Kursanmalan/?arrid=155008  ,reached 100 visits. Blocking that page
08:41:04 den 30 oktober 2015: http://www.folkuniversitetet.se/Kursanmalan/?arrid=153352  ,reached 100 visits. Blocking that page
08:41:04 den 30 oktober 2015: http://www.folkuniversitetet.se/Kursanmalan/?arrid=158210  ,reached 100 visits. Blocking that page
08:41:05 den 30 oktober 2015: http://www.folkuniversitetet.se/Kursanmalan/?arrid=157537  ,reached 100 visits. Blocking that page
08:41:05 den 30 oktober 2015: http://www.folkuniversitetet.se/Kursanmalan/?arrid=165295  ,reached 100 visits. Blocking that page
08:41:06 den 30 oktober 2015: http://www.folkuniversitetet.se/Kursanmalan/?arrid=165404  ,reached 100 visits. Blocking that page
08:44:27 den 30 oktober 2015: http://www.folkuniversitetet.se/Kursanmalan/?arrid=153025  ,reached 100 visits. Blocking that page
08:44:28 den 30 oktober 2015: http://www.folkuniversitetet.se/Kursanmalan/?arrid=160863  ,reached 100 visits. Blocking that page
08:44:29 den 30 oktober 2015: http://www.folkuniversitetet.se/Kursanmalan/?arrid=153016  ,reached 100 visits. Blocking that page
08:44:29 den 30 oktober 2015: http://www.folkuniversitetet.se/Kursanmalan/?arrid=153858  ,reached 100 visits. Blocking that page
08:44:30 den 30 oktober 2015: http://www.folkuniversitetet.se/Kursanmalan/?arrid=153861  ,reached 100 visits. Blocking that page
08:44:30 den 30 oktober 2015: http://www.folkuniversitetet.se/Kursanmalan/?arrid=153907  ,reached 100 visits. Blocking that page
08:44:31 den 30 oktober 2015: http://www.folkuniversitetet.se/Kursanmalan/?arrid=153027  ,reached 100 visits. Blocking that page
08:44:32 den 30 oktober 2015: http://www.folkuniversitetet.se/Kursanmalan/?arrid=156117  ,reached 100 visits. Blocking that page
08:44:33 den 30 oktober 2015: http://www.folkuniversitetet.se/Kursanmalan/?arrid=153868  ,reached 100 visits. Blocking that page
08:46:00 den 30 oktober 2015: http://www.folkuniversitetet.se/Kursanmalan/?arrid=165554  ,reached 100 visits. Blocking that page
08:46:01 den 30 oktober 2015: http://www.folkuniversitetet.se/Kursanmalan/?arrid=154081  ,reached 100 visits. Blocking that page
08:46:02 den 30 oktober 2015: http://www.folkuniversitetet.se/Kursanmalan/?arrid=158856  ,reached 100 visits. Blocking that page
08:46:02 den 30 oktober 2015: http://www.folkuniversitetet.se/Kursanmalan/?arrid=160169  ,reached 100 visits. Blocking that page
08:46:04 den 30 oktober 2015: http://www.folkuniversitetet.se/Kursanmalan/?arrid=165504  ,reached 100 visits. Blocking that page
08:46:04 den 30 oktober 2015: http://www.folkuniversitetet.se/Kursanmalan/?arrid=165499  ,reached 100 visits. Blocking that page
08:46:05 den 30 oktober 2015: http://www.folkuniversitetet.se/Kursanmalan/?arrid=153995  ,reached 100 visits. Blocking that page
08:46:06 den 30 oktober 2015: http://www.folkuniversitetet.se/Kursanmalan/?arrid=153542  ,reached 100 visits. Blocking that page
08:46:21 den 30 oktober 2015: http://www.folkuniversitetet.se/Kursanmalan/?arrid=157102  ,reached 100 visits. Blocking that page
08:47:12 den 30 oktober 2015: http://www.folkuniversitetet.se/Kursanmalan/?arrid=160437  ,reached 100 visits. Blocking that page
08:47:13 den 30 oktober 2015: http://www.folkuniversitetet.se/Kursanmalan/?arrid=160436  ,reached 100 visits. Blocking that page
08:47:13 den 30 oktober 2015: http://www.folkuniversitetet.se/Kursanmalan/?arrid=160426  ,reached 100 visits. Blocking that page
08:47:14 den 30 oktober 2015: http://www.folkuniversitetet.se/Kursanmalan/?arrid=160439  ,reached 100 visits. Blocking that page
08:47:14 den 30 oktober 2015: http://www.folkuniversitetet.se/Kursanmalan/?arrid=160438  ,reached 100 visits. Blocking that page
08:47:14 den 30 oktober 2015: http://www.folkuniversitetet.se/Kursanmalan/?arrid=160444  ,reached 100 visits. Blocking that page
08:47:15 den 30 oktober 2015: http://www.folkuniversitetet.se/Kursanmalan/?arrid=160448  ,reached 100 visits. Blocking that page
08:47:15 den 30 oktober 2015: http://www.folkuniversitetet.se/Kursanmalan/?arrid=160429  ,reached 100 visits. Blocking that page
08:47:15 den 30 oktober 2015: http://www.folkuniversitetet.se/Kursanmalan/?arrid=160428  ,reached 100 visits. Blocking that page
08:47:15 den 30 oktober 2015: http://www.folkuniversitetet.se/Kursanmalan/?arrid=160425  ,reached 100 visits. Blocking that page
08:47:16 den 30 oktober 2015: http://www.folkuniversitetet.se/Kursanmalan/?arrid=160455  ,reached 100 visits. Blocking that page
08:47:16 den 30 oktober 2015: http://www.folkuniversitetet.se/Kursanmalan/?arrid=160446  ,reached 100 visits. Blocking that page
08:47:16 den 30 oktober 2015: http://www.folkuniversitetet.se/Kursanmalan/?arrid=160442  ,reached 100 visits. Blocking that page
08:47:17 den 30 oktober 2015: http://www.folkuniversitetet.se/Kursanmalan/?arrid=160433  ,reached 100 visits. Blocking that page
08:47:17 den 30 oktober 2015: http://www.folkuniversitetet.se/Kursanmalan/?arrid=160780  ,reached 100 visits. Blocking that page
08:47:17 den 30 oktober 2015: http://www.folkuniversitetet.se/Kursanmalan/?arrid=160431  ,reached 100 visits. Blocking that page
08:47:17 den 30 oktober 2015: http://www.folkuniversitetet.se/Kursanmalan/?arrid=160451  ,reached 100 visits. Blocking that page
08:47:18 den 30 oktober 2015: http://www.folkuniversitetet.se/Kursanmalan/?arrid=160454  ,reached 100 visits. Blocking that page
08:47:18 den 30 oktober 2015: http://www.folkuniversitetet.se/Kursanmalan/?arrid=160435  ,reached 100 visits. Blocking that page
08:47:18 den 30 oktober 2015: http://www.folkuniversitetet.se/Kursanmalan/?arrid=160432  ,reached 100 visits. Blocking that page
08:47:19 den 30 oktober 2015: http://www.folkuniversitetet.se/Kursanmalan/?arrid=160427  ,reached 100 visits. Blocking that page
08:47:19 den 30 oktober 2015: http://www.folkuniversitetet.se/Kursanmalan/?arrid=160452  ,reached 100 visits. Blocking that page
08:47:50 den 30 oktober 2015: http://www.folkuniversitetet.se/Kursanmalan/?arrid=157486  ,reached 100 visits. Blocking that page
08:47:51 den 30 oktober 2015: http://www.folkuniversitetet.se/Kursanmalan/?arrid=157485  ,reached 100 visits. Blocking that page
08:47:52 den 30 oktober 2015: http://www.folkuniversitetet.se/Kursanmalan/?arrid=158724  ,reached 100 visits. Blocking that page
08:47:53 den 30 oktober 2015: http://www.folkuniversitetet.se/Kursanmalan/?arrid=157487  ,reached 100 visits. Blocking that page
08:47:54 den 30 oktober 2015: http://www.folkuniversitetet.se/Kursanmalan/?arrid=157483  ,reached 100 visits. Blocking that page
08:47:54 den 30 oktober 2015: http://www.folkuniversitetet.se/Kursanmalan/?arrid=157484  ,reached 100 visits. Blocking that page
08:47:55 den 30 oktober 2015: http://www.folkuniversitetet.se/Kursanmalan/?arrid=157488  ,reached 100 visits. Blocking that page
08:47:56 den 30 oktober 2015: http://www.folkuniversitetet.se/Kursanmalan/?arrid=154962  ,reached 100 visits. Blocking that page
08:47:57 den 30 oktober 2015: http://www.folkuniversitetet.se/Kursanmalan/?arrid=154982  ,reached 100 visits. Blocking that page
08:47:57 den 30 oktober 2015: http://www.folkuniversitetet.se/Kursanmalan/?arrid=154810  ,reached 100 visits. Blocking that page
08:47:59 den 30 oktober 2015: http://www.folkuniversitetet.se/Kursanmalan/?arrid=154956  ,reached 100 visits. Blocking that page
08:48:00 den 30 oktober 2015: http://www.folkuniversitetet.se/Kursanmalan/?arrid=154809  ,reached 100 visits. Blocking that page
08:48:00 den 30 oktober 2015: http://www.folkuniversitetet.se/Kursanmalan/?arrid=161440  ,reached 100 visits. Blocking that page
08:48:20 den 30 oktober 2015: NullReferenceException Object reference not set to an instance of an object. http://www.folkuniversitetet.se/SysSiteAssets/dokumentbanken/lokala-dokument/dokument_region_vast/karlstad/uppdrag/informationsblad-kortavagen---karlstad.pdf/?amp;epslanguage=sv
08:48:20 den 30 oktober 2015: NullReferenceException Object reference not set to an instance of an object. http://www.folkuniversitetet.se/SysSiteAssets/dokumentbanken/lokala-dokument/dokument_region_vast/karlstad/uppdrag/informationsblad-arbetsgivare-kortavagen-karlstad.pdf/?amp;epslanguage=sv
08:48:34 den 30 oktober 2015: http://www.folkuniversitetet.se/Kursanmalan/?arrid=156457  ,reached 100 visits. Blocking that page
08:48:35 den 30 oktober 2015: http://www.folkuniversitetet.se/Kursanmalan/?arrid=154538  ,reached 100 visits. Blocking that page
08:48:36 den 30 oktober 2015: http://www.folkuniversitetet.se/Kursanmalan/?arrid=156459  ,reached 100 visits. Blocking that page
08:48:41 den 30 oktober 2015: http://www.folkuniversitetet.se/Kursanmalan/?arrid=159013  ,reached 100 visits. Blocking that page
08:48:42 den 30 oktober 2015: http://www.folkuniversitetet.se/Kursanmalan/?arrid=152546  ,reached 100 visits. Blocking that page
08:48:42 den 30 oktober 2015: http://www.folkuniversitetet.se/Kursanmalan/?arrid=157966  ,reached 100 visits. Blocking that page
08:48:43 den 30 oktober 2015: http://www.folkuniversitetet.se/Kursanmalan/?arrid=152542  ,reached 100 visits. Blocking that page
08:48:44 den 30 oktober 2015: http://www.folkuniversitetet.se/Kursanmalan/?arrid=152544  ,reached 100 visits. Blocking that page
08:48:44 den 30 oktober 2015: http://www.folkuniversitetet.se/Kursanmalan/?arrid=152543  ,reached 100 visits. Blocking that page
08:49:00 den 30 oktober 2015: http://www.folkuniversitetet.se/Kursanmalan/?arrid=151653  ,reached 100 visits. Blocking that page
08:49:00 den 30 oktober 2015: http://www.folkuniversitetet.se/Kursanmalan/?arrid=155543  ,reached 100 visits. Blocking that page
08:49:01 den 30 oktober 2015: http://www.folkuniversitetet.se/Kursanmalan/?arrid=157022  ,reached 100 visits. Blocking that page
08:49:02 den 30 oktober 2015: http://www.folkuniversitetet.se/Kursanmalan/?arrid=151693  ,reached 100 visits. Blocking that page
08:49:03 den 30 oktober 2015: http://www.folkuniversitetet.se/Kursanmalan/?arrid=151689  ,reached 100 visits. Blocking that page
08:49:04 den 30 oktober 2015: http://www.folkuniversitetet.se/Kursanmalan/?arrid=151656  ,reached 100 visits. Blocking that page
08:49:04 den 30 oktober 2015: http://www.folkuniversitetet.se/Kursanmalan/?arrid=151657  ,reached 100 visits. Blocking that page
08:49:04 den 30 oktober 2015: http://www.folkuniversitetet.se/Kursanmalan/?arrid=151692  ,reached 100 visits. Blocking that page
08:49:05 den 30 oktober 2015: http://www.folkuniversitetet.se/Kursanmalan/?arrid=157414  ,reached 100 visits. Blocking that page
08:49:06 den 30 oktober 2015: http://www.folkuniversitetet.se/Kursanmalan/?arrid=151658  ,reached 100 visits. Blocking that page
08:49:07 den 30 oktober 2015: http://www.folkuniversitetet.se/Kursanmalan/?arrid=151659  ,reached 100 visits. Blocking that page
08:49:34 den 30 oktober 2015: http://www.folkuniversitetet.se/Kursanmalan/?arrid=158822  ,reached 100 visits. Blocking that page
08:49:44 den 30 oktober 2015: http://www.folkuniversitetet.se/Kursanmalan/?arrid=157413  ,reached 100 visits. Blocking that page
08:49:56 den 30 oktober 2015: http://www.folkuniversitetet.se/Kursanmalan/?arrid=159072  ,reached 100 visits. Blocking that page
08:49:56 den 30 oktober 2015: http://www.folkuniversitetet.se/Kursanmalan/?arrid=157660  ,reached 100 visits. Blocking that page
08:49:57 den 30 oktober 2015: http://www.folkuniversitetet.se/Kursanmalan/?arrid=150856  ,reached 100 visits. Blocking that page
08:49:58 den 30 oktober 2015: http://www.folkuniversitetet.se/Kursanmalan/?arrid=157655  ,reached 100 visits. Blocking that page
08:49:58 den 30 oktober 2015: http://www.folkuniversitetet.se/Kursanmalan/?arrid=157651  ,reached 100 visits. Blocking that page
08:50:07 den 30 oktober 2015: http://www.folkuniversitetet.se/Kursanmalan/?arrid=155934  ,reached 100 visits. Blocking that page
08:50:08 den 30 oktober 2015: http://www.folkuniversitetet.se/Kursanmalan/?arrid=159141  ,reached 100 visits. Blocking that page
08:50:09 den 30 oktober 2015: http://www.folkuniversitetet.se/Kursanmalan/?arrid=155949  ,reached 100 visits. Blocking that page
08:50:10 den 30 oktober 2015: http://www.folkuniversitetet.se/Kursanmalan/?arrid=155960  ,reached 100 visits. Blocking that page
08:50:11 den 30 oktober 2015: http://www.folkuniversitetet.se/Kursanmalan/?arrid=155973  ,reached 100 visits. Blocking that page
08:50:11 den 30 oktober 2015: http://www.folkuniversitetet.se/Kursanmalan/?arrid=155967  ,reached 100 visits. Blocking that page
08:50:25 den 30 oktober 2015: http://www.folkuniversitetet.se/Kursanmalan/?arrid=165360  ,reached 100 visits. Blocking that page
08:50:25 den 30 oktober 2015: http://www.folkuniversitetet.se/Kursanmalan/?arrid=165363  ,reached 100 visits. Blocking that page
08:50:26 den 30 oktober 2015: http://www.folkuniversitetet.se/Kursanmalan/?arrid=165364  ,reached 100 visits. Blocking that page
08:50:27 den 30 oktober 2015: http://www.folkuniversitetet.se/Kursanmalan/?arrid=165362  ,reached 100 visits. Blocking that page
08:50:27 den 30 oktober 2015: http://www.folkuniversitetet.se/Kursanmalan/?arrid=165359  ,reached 100 visits. Blocking that page
08:50:28 den 30 oktober 2015: http://www.folkuniversitetet.se/Kursanmalan/?arrid=165361  ,reached 100 visits. Blocking that page
08:50:28 den 30 oktober 2015: http://www.folkuniversitetet.se/Kursanmalan/?arrid=154658  ,reached 100 visits. Blocking that page
08:50:36 den 30 oktober 2015: http://www.folkuniversitetet.se/Kursanmalan/?arrid=159098  ,reached 100 visits. Blocking that page
08:50:39 den 30 oktober 2015: http://www.folkuniversitetet.se/Kursanmalan/?arrid=155970  ,reached 100 visits. Blocking that page
08:50:39 den 30 oktober 2015: http://www.folkuniversitetet.se/Kursanmalan/?arrid=155984  ,reached 100 visits. Blocking that page
08:50:40 den 30 oktober 2015: http://www.folkuniversitetet.se/Kursanmalan/?arrid=164634  ,reached 100 visits. Blocking that page
08:50:41 den 30 oktober 2015: http://www.folkuniversitetet.se/Kursanmalan/?arrid=156012  ,reached 100 visits. Blocking that page
08:50:49 den 30 oktober 2015: http://www.folkuniversitetet.se/Kursanmalan/?arrid=92344  ,reached 100 visits. Blocking that page
08:50:50 den 30 oktober 2015: http://www.folkuniversitetet.se/Kursanmalan/?arrid=152249  ,reached 100 visits. Blocking that page
08:50:51 den 30 oktober 2015: http://www.folkuniversitetet.se/Kursanmalan/?arrid=165418  ,reached 100 visits. Blocking that page
08:50:51 den 30 oktober 2015: http://www.folkuniversitetet.se/Kursanmalan/?arrid=78331  ,reached 100 visits. Blocking that page
08:50:52 den 30 oktober 2015: http://www.folkuniversitetet.se/Kursanmalan/?arrid=78321  ,reached 100 visits. Blocking that page
08:50:53 den 30 oktober 2015: http://www.folkuniversitetet.se/Kursanmalan/?arrid=159083  ,reached 100 visits. Blocking that page
08:50:54 den 30 oktober 2015: http://www.folkuniversitetet.se/Kursanmalan/?arrid=148503  ,reached 100 visits. Blocking that page
08:50:54 den 30 oktober 2015: http://www.folkuniversitetet.se/Kursanmalan/?arrid=152267  ,reached 100 visits. Blocking that page
08:50:55 den 30 oktober 2015: http://www.folkuniversitetet.se/Kursanmalan/?arrid=159714  ,reached 100 visits. Blocking that page
08:50:56 den 30 oktober 2015: http://www.folkuniversitetet.se/Kursanmalan/?arrid=159801  ,reached 100 visits. Blocking that page
08:50:56 den 30 oktober 2015: http://www.folkuniversitetet.se/Kursanmalan/?arrid=152247  ,reached 100 visits. Blocking that page
08:51:07 den 30 oktober 2015: http://www.folkuniversitetet.se/Kursanmalan/?arrid=165714  ,reached 100 visits. Blocking that page
08:51:08 den 30 oktober 2015: http://www.folkuniversitetet.se/Kursanmalan/?arrid=153770  ,reached 100 visits. Blocking that page
08:51:09 den 30 oktober 2015: http://www.folkuniversitetet.se/Kursanmalan/?arrid=154481  ,reached 100 visits. Blocking that page
08:51:10 den 30 oktober 2015: http://www.folkuniversitetet.se/Kursanmalan/?arrid=153738  ,reached 100 visits. Blocking that page
08:51:10 den 30 oktober 2015: http://www.folkuniversitetet.se/Kursanmalan/?arrid=154503  ,reached 100 visits. Blocking that page
08:51:11 den 30 oktober 2015: http://www.folkuniversitetet.se/Kursanmalan/?arrid=158952  ,reached 100 visits. Blocking that page
08:51:11 den 30 oktober 2015: http://www.folkuniversitetet.se/Kursanmalan/?arrid=158951  ,reached 100 visits. Blocking that page
08:51:12 den 30 oktober 2015: http://www.folkuniversitetet.se/Kursanmalan/?arrid=154247  ,reached 100 visits. Blocking that page
08:51:13 den 30 oktober 2015: http://www.folkuniversitetet.se/Kursanmalan/?arrid=153744  ,reached 100 visits. Blocking that page
08:51:14 den 30 oktober 2015: http://www.folkuniversitetet.se/Kursanmalan/?arrid=153728  ,reached 100 visits. Blocking that page
08:51:14 den 30 oktober 2015: http://www.folkuniversitetet.se/Kursanmalan/?arrid=164164  ,reached 100 visits. Blocking that page
08:51:15 den 30 oktober 2015: http://www.folkuniversitetet.se/Kursanmalan/?arrid=155379  ,reached 100 visits. Blocking that page
08:51:15 den 30 oktober 2015: http://www.folkuniversitetet.se/Kursanmalan/?arrid=153012  ,reached 100 visits. Blocking that page
08:51:20 den 30 oktober 2015: http://www.folkuniversitetet.se/Kursanmalan/?arrid=155227  ,reached 100 visits. Blocking that page
08:51:26 den 30 oktober 2015: http://www.folkuniversitetet.se/Kursanmalan/?arrid=156711  ,reached 100 visits. Blocking that page
08:51:27 den 30 oktober 2015: http://www.folkuniversitetet.se/Kursanmalan/?arrid=155846  ,reached 100 visits. Blocking that page
08:51:27 den 30 oktober 2015: http://www.folkuniversitetet.se/Kursanmalan/?arrid=164832  ,reached 100 visits. Blocking that page
08:51:28 den 30 oktober 2015: http://www.folkuniversitetet.se/Kursanmalan/?arrid=155880  ,reached 100 visits. Blocking that page
08:51:29 den 30 oktober 2015: http://www.folkuniversitetet.se/Kursanmalan/?arrid=164833  ,reached 100 visits. Blocking that page
08:51:35 den 30 oktober 2015: http://www.folkuniversitetet.se/Kursanmalan/?arrid=158330  ,reached 100 visits. Blocking that page
08:51:35 den 30 oktober 2015: http://www.folkuniversitetet.se/Kursanmalan/?arrid=158746  ,reached 100 visits. Blocking that page
08:51:36 den 30 oktober 2015: http://www.folkuniversitetet.se/Kursanmalan/?arrid=158748  ,reached 100 visits. Blocking that page
08:51:39 den 30 oktober 2015: http://www.folkuniversitetet.se/Kursanmalan/?arrid=158329  ,reached 100 visits. Blocking that page
08:51:40 den 30 oktober 2015: http://www.folkuniversitetet.se/Kursanmalan/?arrid=158749  ,reached 100 visits. Blocking that page
08:51:42 den 30 oktober 2015: http://www.folkuniversitetet.se/Kursanmalan/?arrid=158780  ,reached 100 visits. Blocking that page
08:51:45 den 30 oktober 2015: http://www.folkuniversitetet.se/Kursanmalan/?arrid=158774  ,reached 100 visits. Blocking that page
08:51:46 den 30 oktober 2015: http://www.folkuniversitetet.se/Kursanmalan/?arrid=155877  ,reached 100 visits. Blocking that page
08:51:47 den 30 oktober 2015: http://www.folkuniversitetet.se/Kursanmalan/?arrid=153720  ,reached 100 visits. Blocking that page
08:51:48 den 30 oktober 2015: http://www.folkuniversitetet.se/Kursanmalan/?arrid=153721  ,reached 100 visits. Blocking that page
08:52:00 den 30 oktober 2015: http://www.folkuniversitetet.se/Kursanmalan/?arrid=154723  ,reached 100 visits. Blocking that page
08:52:01 den 30 oktober 2015: http://www.folkuniversitetet.se/Kursanmalan/?arrid=155744  ,reached 100 visits. Blocking that page
08:52:02 den 30 oktober 2015: http://www.folkuniversitetet.se/Kursanmalan/?arrid=161237  ,reached 100 visits. Blocking that page
08:52:03 den 30 oktober 2015: http://www.folkuniversitetet.se/Kursanmalan/?arrid=154720  ,reached 100 visits. Blocking that page
08:52:03 den 30 oktober 2015: http://www.folkuniversitetet.se/Kursanmalan/?arrid=154719  ,reached 100 visits. Blocking that page
08:52:04 den 30 oktober 2015: http://www.folkuniversitetet.se/Kursanmalan/?arrid=154612  ,reached 100 visits. Blocking that page
08:52:05 den 30 oktober 2015: http://www.folkuniversitetet.se/Kursanmalan/?arrid=155754  ,reached 100 visits. Blocking that page
08:52:05 den 30 oktober 2015: http://www.folkuniversitetet.se/Kursanmalan/?arrid=155763  ,reached 100 visits. Blocking that page
08:52:06 den 30 oktober 2015: http://www.folkuniversitetet.se/Kursanmalan/?arrid=153961  ,reached 100 visits. Blocking that page
08:52:06 den 30 oktober 2015: http://www.folkuniversitetet.se/Kursanmalan/?arrid=153195  ,reached 100 visits. Blocking that page
08:52:07 den 30 oktober 2015: http://www.folkuniversitetet.se/Kursanmalan/?arrid=165129  ,reached 100 visits. Blocking that page
08:52:19 den 30 oktober 2015: http://www.folkuniversitetet.se/Kursanmalan/?arrid=153911  ,reached 100 visits. Blocking that page
08:52:19 den 30 oktober 2015: http://www.folkuniversitetet.se/Kursanmalan/?arrid=153700  ,reached 100 visits. Blocking that page
08:52:20 den 30 oktober 2015: http://www.folkuniversitetet.se/Kursanmalan/?arrid=153913  ,reached 100 visits. Blocking that page
08:52:21 den 30 oktober 2015: http://www.folkuniversitetet.se/Kursanmalan/?arrid=153915  ,reached 100 visits. Blocking that page
08:52:21 den 30 oktober 2015: http://www.folkuniversitetet.se/Kursanmalan/?arrid=155121  ,reached 100 visits. Blocking that page
08:52:22 den 30 oktober 2015: http://www.folkuniversitetet.se/Kursanmalan/?arrid=157493  ,reached 100 visits. Blocking that page
08:52:27 den 30 oktober 2015: http://www.folkuniversitetet.se/Kursanmalan/?arrid=156654  ,reached 100 visits. Blocking that page
08:52:30 den 30 oktober 2015: http://www.folkuniversitetet.se/Kursanmalan/?arrid=155987  ,reached 100 visits. Blocking that page
08:52:31 den 30 oktober 2015: http://www.folkuniversitetet.se/Kursanmalan/?arrid=161858  ,reached 100 visits. Blocking that page
08:52:32 den 30 oktober 2015: http://www.folkuniversitetet.se/Kursanmalan/?arrid=155863  ,reached 100 visits. Blocking that page
08:52:39 den 30 oktober 2015: http://www.folkuniversitetet.se/Kursanmalan/?arrid=165799  ,reached 100 visits. Blocking that page
08:52:40 den 30 oktober 2015: http://www.folkuniversitetet.se/Kursanmalan/?arrid=165801  ,reached 100 visits. Blocking that page
08:52:40 den 30 oktober 2015: http://www.folkuniversitetet.se/Kursanmalan/?arrid=165802  ,reached 100 visits. Blocking that page
08:52:41 den 30 oktober 2015: http://www.folkuniversitetet.se/Kursanmalan/?arrid=157077  ,reached 100 visits. Blocking that page
08:52:42 den 30 oktober 2015: http://www.folkuniversitetet.se/Kursanmalan/?arrid=165928  ,reached 100 visits. Blocking that page
08:52:42 den 30 oktober 2015: http://www.folkuniversitetet.se/Kursanmalan/?arrid=153472  ,reached 100 visits. Blocking that page
08:52:43 den 30 oktober 2015: http://www.folkuniversitetet.se/Kursanmalan/?arrid=152613  ,reached 100 visits. Blocking that page
08:52:43 den 30 oktober 2015: http://www.folkuniversitetet.se/Kursanmalan/?arrid=152572  ,reached 100 visits. Blocking that page
08:54:32 den 30 oktober 2015: Parse took 41 seconds  http://www.folkuniversitetet.se/Har-finns-vi/Karlskrona/Puffar-Karlskrona/nyheter1/
08:54:36 den 30 oktober 2015: http://www.folkuniversitetet.se/Kursanmalan/?arrid=155116  ,reached 100 visits. Blocking that page
08:54:36 den 30 oktober 2015: http://www.folkuniversitetet.se/Kursanmalan/?arrid=154021  ,reached 100 visits. Blocking that page
08:54:37 den 30 oktober 2015: http://www.folkuniversitetet.se/Kursanmalan/?arrid=154018  ,reached 100 visits. Blocking that page
08:54:38 den 30 oktober 2015: http://www.folkuniversitetet.se/Kursanmalan/?arrid=159666  ,reached 100 visits. Blocking that page
08:54:39 den 30 oktober 2015: http://www.folkuniversitetet.se/Kursanmalan/?arrid=157588  ,reached 100 visits. Blocking that page
08:54:39 den 30 oktober 2015: http://www.folkuniversitetet.se/Kursanmalan/?arrid=153509  ,reached 100 visits. Blocking that page
08:54:47 den 30 oktober 2015: http://www.folkuniversitetet.se/Kursanmalan/?arrid=154747  ,reached 100 visits. Blocking that page
08:54:48 den 30 oktober 2015: http://www.folkuniversitetet.se/Kursanmalan/?arrid=164226  ,reached 100 visits. Blocking that page
08:54:49 den 30 oktober 2015: http://www.folkuniversitetet.se/Kursanmalan/?arrid=154263  ,reached 100 visits. Blocking that page
08:54:50 den 30 oktober 2015: http://www.folkuniversitetet.se/Kursanmalan/?arrid=154173  ,reached 100 visits. Blocking that page
08:54:50 den 30 oktober 2015: http://www.folkuniversitetet.se/Kursanmalan/?arrid=154172  ,reached 100 visits. Blocking that page
08:54:51 den 30 oktober 2015: http://www.folkuniversitetet.se/Kursanmalan/?arrid=154146  ,reached 100 visits. Blocking that page
08:54:52 den 30 oktober 2015: http://www.folkuniversitetet.se/Kursanmalan/?arrid=154084  ,reached 100 visits. Blocking that page
08:54:52 den 30 oktober 2015: http://www.folkuniversitetet.se/Kursanmalan/?arrid=154174  ,reached 100 visits. Blocking that page
08:54:53 den 30 oktober 2015: http://www.folkuniversitetet.se/Kursanmalan/?arrid=154170  ,reached 100 visits. Blocking that page
08:55:05 den 30 oktober 2015: http://www.folkuniversitetet.se/Kursanmalan/?arrid=153982  ,reached 100 visits. Blocking that page
08:55:06 den 30 oktober 2015: http://www.folkuniversitetet.se/Kursanmalan/?arrid=153983  ,reached 100 visits. Blocking that page
08:55:06 den 30 oktober 2015: http://www.folkuniversitetet.se/Kursanmalan/?arrid=157408  ,reached 100 visits. Blocking that page
08:55:07 den 30 oktober 2015: http://www.folkuniversitetet.se/Kursanmalan/?arrid=157409  ,reached 100 visits. Blocking that page
08:55:07 den 30 oktober 2015: http://www.folkuniversitetet.se/Kursanmalan/?arrid=154100  ,reached 100 visits. Blocking that page
08:55:08 den 30 oktober 2015: http://www.folkuniversitetet.se/Kursanmalan/?arrid=153956  ,reached 100 visits. Blocking that page
08:55:09 den 30 oktober 2015: http://www.folkuniversitetet.se/Kursanmalan/?arrid=155364  ,reached 100 visits. Blocking that page
08:55:09 den 30 oktober 2015: http://www.folkuniversitetet.se/Kursanmalan/?arrid=157501  ,reached 100 visits. Blocking that page
08:55:10 den 30 oktober 2015: http://www.folkuniversitetet.se/Kursanmalan/?arrid=157480  ,reached 100 visits. Blocking that page
08:55:18 den 30 oktober 2015: http://www.folkuniversitetet.se/Kursanmalan/?arrid=151570  ,reached 100 visits. Blocking that page
08:55:19 den 30 oktober 2015: http://www.folkuniversitetet.se/Kursanmalan/?arrid=151608  ,reached 100 visits. Blocking that page
08:55:19 den 30 oktober 2015: http://www.folkuniversitetet.se/Kursanmalan/?arrid=151602  ,reached 100 visits. Blocking that page
08:55:20 den 30 oktober 2015: http://www.folkuniversitetet.se/Kursanmalan/?arrid=151609  ,reached 100 visits. Blocking that page
08:55:20 den 30 oktober 2015: http://www.folkuniversitetet.se/Kursanmalan/?arrid=151606  ,reached 100 visits. Blocking that page
08:55:22 den 30 oktober 2015: http://www.folkuniversitetet.se/Kursanmalan/?arrid=151611  ,reached 100 visits. Blocking that page
08:55:35 den 30 oktober 2015: http://www.folkuniversitetet.se/Kursanmalan/?arrid=154702  ,reached 100 visits. Blocking that page
08:55:35 den 30 oktober 2015: http://www.folkuniversitetet.se/Kursanmalan/?arrid=154696  ,reached 100 visits. Blocking that page
08:55:36 den 30 oktober 2015: http://www.folkuniversitetet.se/Kursanmalan/?arrid=164786  ,reached 100 visits. Blocking that page
08:55:45 den 30 oktober 2015: http://www.folkuniversitetet.se/Kursanmalan/?arrid=154480  ,reached 100 visits. Blocking that page
08:55:46 den 30 oktober 2015: http://www.folkuniversitetet.se/Kursanmalan/?arrid=154514  ,reached 100 visits. Blocking that page
08:55:47 den 30 oktober 2015: http://www.folkuniversitetet.se/Kursanmalan/?arrid=153767  ,reached 100 visits. Blocking that page
08:55:48 den 30 oktober 2015: http://www.folkuniversitetet.se/Kursanmalan/?arrid=153764  ,reached 100 visits. Blocking that page
08:55:48 den 30 oktober 2015: http://www.folkuniversitetet.se/Kursanmalan/?arrid=154870  ,reached 100 visits. Blocking that page
08:55:49 den 30 oktober 2015: http://www.folkuniversitetet.se/Kursanmalan/?arrid=157311  ,reached 100 visits. Blocking that page
08:55:49 den 30 oktober 2015: http://www.folkuniversitetet.se/Kursanmalan/?arrid=155126  ,reached 100 visits. Blocking that page
08:55:51 den 30 oktober 2015: http://www.folkuniversitetet.se/Kursanmalan/?arrid=153925  ,reached 100 visits. Blocking that page
08:55:51 den 30 oktober 2015: http://www.folkuniversitetet.se/Kursanmalan/?arrid=157224  ,reached 100 visits. Blocking that page
08:55:53 den 30 oktober 2015: http://www.folkuniversitetet.se/Kursanmalan/?arrid=160032  ,reached 100 visits. Blocking that page
08:55:53 den 30 oktober 2015: http://www.folkuniversitetet.se/Kursanmalan/?arrid=154053  ,reached 100 visits. Blocking that page
08:55:54 den 30 oktober 2015: http://www.folkuniversitetet.se/Kursanmalan/?arrid=155119  ,reached 100 visits. Blocking that page
08:55:54 den 30 oktober 2015: http://www.folkuniversitetet.se/Kursanmalan/?arrid=155156  ,reached 100 visits. Blocking that page
08:55:55 den 30 oktober 2015: http://www.folkuniversitetet.se/Kursanmalan/?arrid=160033  ,reached 100 visits. Blocking that page
08:56:02 den 30 oktober 2015: http://www.folkuniversitetet.se/Kursanmalan/?arrid=155992  ,reached 100 visits. Blocking that page
08:56:02 den 30 oktober 2015: http://www.folkuniversitetet.se/Kursanmalan/?arrid=155991  ,reached 100 visits. Blocking that page
08:56:03 den 30 oktober 2015: http://www.folkuniversitetet.se/Kursanmalan/?arrid=153394  ,reached 100 visits. Blocking that page
08:56:04 den 30 oktober 2015: http://www.folkuniversitetet.se/Kursanmalan/?arrid=153395  ,reached 100 visits. Blocking that page
08:56:04 den 30 oktober 2015: http://www.folkuniversitetet.se/Kursanmalan/?arrid=165699  ,reached 100 visits. Blocking that page
08:56:06 den 30 oktober 2015: http://www.folkuniversitetet.se/Kursanmalan/?arrid=153355  ,reached 100 visits. Blocking that page
08:56:07 den 30 oktober 2015: http://www.folkuniversitetet.se/Kursanmalan/?arrid=153353  ,reached 100 visits. Blocking that page
08:56:07 den 30 oktober 2015: http://www.folkuniversitetet.se/Kursanmalan/?arrid=161379  ,reached 100 visits. Blocking that page
08:56:09 den 30 oktober 2015: http://www.folkuniversitetet.se/Kursanmalan/?arrid=165960  ,reached 100 visits. Blocking that page
08:56:12 den 30 oktober 2015: http://www.folkuniversitetet.se/Kursanmalan/?arrid=163662  ,reached 100 visits. Blocking that page
08:56:20 den 30 oktober 2015: http://www.folkuniversitetet.se/Kursanmalan/?arrid=156066  ,reached 100 visits. Blocking that page
08:56:21 den 30 oktober 2015: http://www.folkuniversitetet.se/Kursanmalan/?arrid=159202  ,reached 100 visits. Blocking that page
08:56:21 den 30 oktober 2015: http://www.folkuniversitetet.se/Kursanmalan/?arrid=156062  ,reached 100 visits. Blocking that page
08:56:22 den 30 oktober 2015: http://www.folkuniversitetet.se/Kursanmalan/?arrid=156765  ,reached 100 visits. Blocking that page
08:56:23 den 30 oktober 2015: http://www.folkuniversitetet.se/Kursanmalan/?arrid=155062  ,reached 100 visits. Blocking that page
08:56:23 den 30 oktober 2015: http://www.folkuniversitetet.se/Kursanmalan/?arrid=155057  ,reached 100 visits. Blocking that page
08:56:24 den 30 oktober 2015: http://www.folkuniversitetet.se/Kursanmalan/?arrid=152830  ,reached 100 visits. Blocking that page
08:56:24 den 30 oktober 2015: http://www.folkuniversitetet.se/Kursanmalan/?arrid=160870  ,reached 100 visits. Blocking that page
08:56:33 den 30 oktober 2015: http://www.folkuniversitetet.se/Kursanmalan/?arrid=155974  ,reached 100 visits. Blocking that page
08:56:34 den 30 oktober 2015: http://www.folkuniversitetet.se/Kursanmalan/?arrid=150835  ,reached 100 visits. Blocking that page
08:56:35 den 30 oktober 2015: http://www.folkuniversitetet.se/Kursanmalan/?arrid=153966  ,reached 100 visits. Blocking that page
08:56:36 den 30 oktober 2015: http://www.folkuniversitetet.se/Kursanmalan/?arrid=157749  ,reached 100 visits. Blocking that page
08:56:38 den 30 oktober 2015: http://www.folkuniversitetet.se/Kursanmalan/?arrid=164292  ,reached 100 visits. Blocking that page
08:56:40 den 30 oktober 2015: http://www.folkuniversitetet.se/Kursanmalan/?arrid=152516  ,reached 100 visits. Blocking that page
08:56:41 den 30 oktober 2015: http://www.folkuniversitetet.se/Kursanmalan/?arrid=160944  ,reached 100 visits. Blocking that page
08:56:48 den 30 oktober 2015: http://www.folkuniversitetet.se/Kursanmalan/?arrid=155709  ,reached 100 visits. Blocking that page
08:56:56 den 30 oktober 2015: http://www.folkuniversitetet.se/Kursanmalan/?arrid=154509  ,reached 100 visits. Blocking that page
08:56:57 den 30 oktober 2015: http://www.folkuniversitetet.se/Kursanmalan/?arrid=154504  ,reached 100 visits. Blocking that page
08:56:57 den 30 oktober 2015: http://www.folkuniversitetet.se/Kursanmalan/?arrid=154486  ,reached 100 visits. Blocking that page
08:56:58 den 30 oktober 2015: http://www.folkuniversitetet.se/Kursanmalan/?arrid=154487  ,reached 100 visits. Blocking that page
08:57:02 den 30 oktober 2015: http://www.folkuniversitetet.se/Kursanmalan/?arrid=160896  ,reached 100 visits. Blocking that page
08:57:02 den 30 oktober 2015: http://www.folkuniversitetet.se/Kursanmalan/?arrid=152828  ,reached 100 visits. Blocking that page
08:57:03 den 30 oktober 2015: http://www.folkuniversitetet.se/Kursanmalan/?arrid=152870  ,reached 100 visits. Blocking that page
08:57:04 den 30 oktober 2015: http://www.folkuniversitetet.se/Kursanmalan/?arrid=161242  ,reached 100 visits. Blocking that page
08:57:05 den 30 oktober 2015: http://www.folkuniversitetet.se/Kursanmalan/?arrid=153227  ,reached 100 visits. Blocking that page
08:57:05 den 30 oktober 2015: http://www.folkuniversitetet.se/Kursanmalan/?arrid=152840  ,reached 100 visits. Blocking that page
08:57:06 den 30 oktober 2015: http://www.folkuniversitetet.se/Kursanmalan/?arrid=152841  ,reached 100 visits. Blocking that page
08:57:07 den 30 oktober 2015: http://www.folkuniversitetet.se/Kursanmalan/?arrid=152856  ,reached 100 visits. Blocking that page
08:57:10 den 30 oktober 2015: http://www.folkuniversitetet.se/Kursanmalan/?arrid=153238  ,reached 100 visits. Blocking that page
08:57:13 den 30 oktober 2015: http://www.folkuniversitetet.se/Kursanmalan/?arrid=165843  ,reached 100 visits. Blocking that page
08:57:13 den 30 oktober 2015: http://www.folkuniversitetet.se/Kursanmalan/?arrid=165805  ,reached 100 visits. Blocking that page
08:57:14 den 30 oktober 2015: http://www.folkuniversitetet.se/Kursanmalan/?arrid=152959  ,reached 100 visits. Blocking that page
08:57:14 den 30 oktober 2015: http://www.folkuniversitetet.se/Kursanmalan/?arrid=152982  ,reached 100 visits. Blocking that page
08:57:18 den 30 oktober 2015: http://maps.google.com/maps?q=Oskarshamn%2c+Sverige  ,reached 100 visits. Blocking that page
08:57:24 den 30 oktober 2015: http://maps.google.com/maps?q=Ronneby%2c+Sverige  ,reached 100 visits. Blocking that page
08:57:31 den 30 oktober 2015: http://maps.google.com/maps?q=Laboratorgr%c3%a4nd+Hus-C+v%c3%a5n+2%2c+Campus+Skellefte%c3%a5%2c+Sverige  ,reached 100 visits. Blocking that page
08:57:32 den 30 oktober 2015: http://maps.google.com/maps?q=H%c3%b6gskolev%c3%a4gen+6B%2c+Sk%c3%b6vde%2c+Sverige  ,reached 100 visits. Blocking that page
08:57:34 den 30 oktober 2015: http://www.folkuniversitetet.se/Kursanmalan/?arrid=157259  ,reached 100 visits. Blocking that page
08:57:35 den 30 oktober 2015: http://www.folkuniversitetet.se/Kursanmalan/?arrid=158677  ,reached 100 visits. Blocking that page
08:57:36 den 30 oktober 2015: http://www.folkuniversitetet.se/Kursanmalan/?arrid=158679  ,reached 100 visits. Blocking that page
08:57:36 den 30 oktober 2015: http://www.folkuniversitetet.se/Kursanmalan/?arrid=156607  ,reached 100 visits. Blocking that page
08:57:37 den 30 oktober 2015: http://www.folkuniversitetet.se/Kursanmalan/?arrid=165182  ,reached 100 visits. Blocking that page
08:57:38 den 30 oktober 2015: http://www.folkuniversitetet.se/Kursanmalan/?arrid=165181  ,reached 100 visits. Blocking that page
08:57:40 den 30 oktober 2015: http://www.folkuniversitetet.se/Kursanmalan/?arrid=156727  ,reached 100 visits. Blocking that page
08:57:41 den 30 oktober 2015: http://www.folkuniversitetet.se/Kursanmalan/?arrid=165725  ,reached 100 visits. Blocking that page
08:57:41 den 30 oktober 2015: http://www.folkuniversitetet.se/Kursanmalan/?arrid=156733  ,reached 100 visits. Blocking that page
08:57:42 den 30 oktober 2015: http://www.folkuniversitetet.se/Kursanmalan/?arrid=156729  ,reached 100 visits. Blocking that page
08:57:43 den 30 oktober 2015: http://www.folkuniversitetet.se/Kursanmalan/?arrid=157646  ,reached 100 visits. Blocking that page
08:57:48 den 30 oktober 2015: http://www.folkuniversitetet.se/Kursanmalan/?arrid=153852  ,reached 100 visits. Blocking that page
08:57:49 den 30 oktober 2015: http://www.folkuniversitetet.se/Kursanmalan/?arrid=152876  ,reached 100 visits. Blocking that page
08:57:49 den 30 oktober 2015: http://www.folkuniversitetet.se/Kursanmalan/?arrid=152872  ,reached 100 visits. Blocking that page
08:57:50 den 30 oktober 2015: http://www.folkuniversitetet.se/Kursanmalan/?arrid=152878  ,reached 100 visits. Blocking that page
08:57:50 den 30 oktober 2015: http://www.folkuniversitetet.se/Kursanmalan/?arrid=153812  ,reached 100 visits. Blocking that page
08:57:51 den 30 oktober 2015: http://www.folkuniversitetet.se/Kursanmalan/?arrid=152921  ,reached 100 visits. Blocking that page
08:57:52 den 30 oktober 2015: http://www.folkuniversitetet.se/Kursanmalan/?arrid=157303  ,reached 100 visits. Blocking that page
08:57:52 den 30 oktober 2015: http://www.folkuniversitetet.se/Kursanmalan/?arrid=153848  ,reached 100 visits. Blocking that page
08:57:53 den 30 oktober 2015: http://www.folkuniversitetet.se/Kursanmalan/?arrid=152881  ,reached 100 visits. Blocking that page
08:57:54 den 30 oktober 2015: http://www.folkuniversitetet.se/Kursanmalan/?arrid=157046  ,reached 100 visits. Blocking that page
08:57:54 den 30 oktober 2015: http://www.folkuniversitetet.se/Kursanmalan/?arrid=152906  ,reached 100 visits. Blocking that page
08:57:55 den 30 oktober 2015: http://www.folkuniversitetet.se/Kursanmalan/?arrid=157048  ,reached 100 visits. Blocking that page
08:57:55 den 30 oktober 2015: http://www.folkuniversitetet.se/Kursanmalan/?arrid=161383  ,reached 100 visits. Blocking that page
08:57:55 den 30 oktober 2015: http://www.folkuniversitetet.se/Kursanmalan/?arrid=159742  ,reached 100 visits. Blocking that page
08:57:56 den 30 oktober 2015: http://www.folkuniversitetet.se/Kursanmalan/?arrid=159736  ,reached 100 visits. Blocking that page
08:57:57 den 30 oktober 2015: http://www.folkuniversitetet.se/Kursanmalan/?arrid=153856  ,reached 100 visits. Blocking that page
08:58:01 den 30 oktober 2015: http://maps.google.com/maps?q=R%c3%a5dhusgatan+34%2c+Sundsvall%2c+Sverige  ,reached 100 visits. Blocking that page
08:58:02 den 30 oktober 2015: http://maps.google.com/maps?q=J%c3%a4rnv%c3%a4gsgatan+8a%2c+Sunne%2c+Sverige  ,reached 100 visits. Blocking that page
08:58:02 den 30 oktober 2015: http://maps.google.com/maps?q=Sundsgatan+17%2c+661+40+S%c3%a4ffle%2c+Sverige  ,reached 100 visits. Blocking that page
08:58:07 den 30 oktober 2015: http://www.folkuniversitetet.se/Kursanmalan/?arrid=156810  ,reached 100 visits. Blocking that page
08:58:08 den 30 oktober 2015: http://www.folkuniversitetet.se/Kursanmalan/?arrid=152909  ,reached 100 visits. Blocking that page
08:58:09 den 30 oktober 2015: http://www.folkuniversitetet.se/Kursanmalan/?arrid=162022  ,reached 100 visits. Blocking that page
08:58:09 den 30 oktober 2015: http://www.folkuniversitetet.se/Kursanmalan/?arrid=162019  ,reached 100 visits. Blocking that page
08:58:10 den 30 oktober 2015: http://www.folkuniversitetet.se/Kursanmalan/?arrid=142696  ,reached 100 visits. Blocking that page
08:58:10 den 30 oktober 2015: http://www.folkuniversitetet.se/Kursanmalan/?arrid=162024  ,reached 100 visits. Blocking that page
08:58:11 den 30 oktober 2015: http://www.folkuniversitetet.se/Kursanmalan/?arrid=162021  ,reached 100 visits. Blocking that page
08:58:12 den 30 oktober 2015: http://www.folkuniversitetet.se/Kursanmalan/?arrid=142694  ,reached 100 visits. Blocking that page
08:58:12 den 30 oktober 2015: http://www.folkuniversitetet.se/Kursanmalan/?arrid=166008  ,reached 100 visits. Blocking that page
08:58:13 den 30 oktober 2015: http://www.folkuniversitetet.se/Kursanmalan/?arrid=166164  ,reached 100 visits. Blocking that page
08:58:15 den 30 oktober 2015: http://maps.google.com/maps?q=Saltsj%c3%b6gatan+3%2c+151+71+S%c3%b6dert%c3%a4lje%2c+Sverige  ,reached 100 visits. Blocking that page
08:58:15 den 30 oktober 2015: http://maps.google.com/maps?q=S%c3%b6lvesborg%2c+Sverige  ,reached 100 visits. Blocking that page
08:58:16 den 30 oktober 2015: http://maps.google.com/maps?q=Tingshusgatan+2%2c+Torsby%2c+Sverige  ,reached 100 visits. Blocking that page
08:58:16 den 30 oktober 2015: http://maps.google.com/maps?q=Tors%c3%a5s%2c+Sverige  ,reached 100 visits. Blocking that page
08:58:16 den 30 oktober 2015: http://maps.google.com/maps?q=V%c3%a4stergatan+41%2c+Trelleborg%2c+Sverige  ,reached 100 visits. Blocking that page
08:58:20 den 30 oktober 2015: http://www.folkuniversitetet.se/Kursanmalan/?arrid=157188  ,reached 100 visits. Blocking that page
08:58:21 den 30 oktober 2015: http://www.folkuniversitetet.se/Kursanmalan/?arrid=161071  ,reached 100 visits. Blocking that page
08:58:22 den 30 oktober 2015: http://www.folkuniversitetet.se/Kursanmalan/?arrid=154583  ,reached 100 visits. Blocking that page
08:58:23 den 30 oktober 2015: http://www.folkuniversitetet.se/Kursanmalan/?arrid=153709  ,reached 100 visits. Blocking that page
08:58:23 den 30 oktober 2015: http://www.folkuniversitetet.se/Kursanmalan/?arrid=151842  ,reached 100 visits. Blocking that page
08:58:24 den 30 oktober 2015: http://www.folkuniversitetet.se/Kursanmalan/?arrid=152257  ,reached 100 visits. Blocking that page
08:58:25 den 30 oktober 2015: http://www.folkuniversitetet.se/Kursanmalan/?arrid=151841  ,reached 100 visits. Blocking that page
08:58:25 den 30 oktober 2015: http://www.folkuniversitetet.se/Kursanmalan/?arrid=154798  ,reached 100 visits. Blocking that page
08:58:26 den 30 oktober 2015: http://www.folkuniversitetet.se/Kursanmalan/?arrid=154808  ,reached 100 visits. Blocking that page
08:58:26 den 30 oktober 2015: http://www.folkuniversitetet.se/Kursanmalan/?arrid=157310  ,reached 100 visits. Blocking that page
08:58:27 den 30 oktober 2015: http://www.folkuniversitetet.se/Kursanmalan/?arrid=155564  ,reached 100 visits. Blocking that page
08:58:28 den 30 oktober 2015: http://www.folkuniversitetet.se/Kursanmalan/?arrid=155577  ,reached 100 visits. Blocking that page
08:58:31 den 30 oktober 2015: http://maps.google.com/maps?q=Garvaregatan+15%2c+Trollh%c3%a4ttan%2c+Sverige  ,reached 100 visits. Blocking that page
08:58:36 den 30 oktober 2015: http://www.folkuniversitetet.se/Kursanmalan/?arrid=154578  ,reached 100 visits. Blocking that page
08:58:37 den 30 oktober 2015: http://www.folkuniversitetet.se/Kursanmalan/?arrid=157118  ,reached 100 visits. Blocking that page
08:58:39 den 30 oktober 2015: http://www.folkuniversitetet.se/Kursanmalan/?arrid=154803  ,reached 100 visits. Blocking that page
08:58:39 den 30 oktober 2015: http://www.folkuniversitetet.se/Kursanmalan/?arrid=154820  ,reached 100 visits. Blocking that page
08:58:40 den 30 oktober 2015: http://www.folkuniversitetet.se/Kursanmalan/?arrid=154824  ,reached 100 visits. Blocking that page
08:58:41 den 30 oktober 2015: http://www.folkuniversitetet.se/Kursanmalan/?arrid=155570  ,reached 100 visits. Blocking that page
08:58:42 den 30 oktober 2015: http://www.folkuniversitetet.se/Kursanmalan/?arrid=155583  ,reached 100 visits. Blocking that page
08:58:42 den 30 oktober 2015: http://www.folkuniversitetet.se/Kursanmalan/?arrid=155576  ,reached 100 visits. Blocking that page
08:58:43 den 30 oktober 2015: http://www.folkuniversitetet.se/Kursanmalan/?arrid=165519  ,reached 100 visits. Blocking that page
08:58:43 den 30 oktober 2015: http://www.folkuniversitetet.se/Kursanmalan/?arrid=154040  ,reached 100 visits. Blocking that page
08:58:44 den 30 oktober 2015: http://www.folkuniversitetet.se/Kursanmalan/?arrid=153598  ,reached 100 visits. Blocking that page
08:58:44 den 30 oktober 2015: http://www.folkuniversitetet.se/Kursanmalan/?arrid=140724  ,reached 100 visits. Blocking that page
08:58:45 den 30 oktober 2015: http://www.folkuniversitetet.se/Kursanmalan/?arrid=153601  ,reached 100 visits. Blocking that page
08:58:46 den 30 oktober 2015: http://www.folkuniversitetet.se/Kursanmalan/?arrid=153547  ,reached 100 visits. Blocking that page
08:58:50 den 30 oktober 2015: http://maps.google.com/maps?q=%c3%96stergatan+18A%2c+Uddevalla%2c+Sverige  ,reached 100 visits. Blocking that page
08:58:52 den 30 oktober 2015: http://www.folkuniversitetet.se/Kursanmalan/?arrid=165240  ,reached 100 visits. Blocking that page
08:58:53 den 30 oktober 2015: http://www.folkuniversitetet.se/Kursanmalan/?arrid=150475  ,reached 100 visits. Blocking that page
08:58:58 den 30 oktober 2015: http://maps.google.com/maps?q=Lastk%c3%b6pingsgatan+5%2c+59232+VADSTENA%2c+Sverige  ,reached 100 visits. Blocking that page
08:59:01 den 30 oktober 2015: http://www.folkuniversitetet.se/Kursanmalan/?arrid=151199  ,reached 100 visits. Blocking that page
08:59:02 den 30 oktober 2015: http://www.folkuniversitetet.se/Kursanmalan/?arrid=151204  ,reached 100 visits. Blocking that page
08:59:03 den 30 oktober 2015: http://www.folkuniversitetet.se/Kursanmalan/?arrid=151195  ,reached 100 visits. Blocking that page
08:59:04 den 30 oktober 2015: http://www.folkuniversitetet.se/Kursanmalan/?arrid=153489  ,reached 100 visits. Blocking that page
08:59:05 den 30 oktober 2015: http://www.folkuniversitetet.se/Kursanmalan/?arrid=150797  ,reached 100 visits. Blocking that page
08:59:05 den 30 oktober 2015: http://www.folkuniversitetet.se/Kursanmalan/?arrid=150806  ,reached 100 visits. Blocking that page
08:59:06 den 30 oktober 2015: http://www.folkuniversitetet.se/Kursanmalan/?arrid=154897  ,reached 100 visits. Blocking that page
08:59:06 den 30 oktober 2015: http://www.folkuniversitetet.se/Kursanmalan/?arrid=151192  ,reached 100 visits. Blocking that page
08:59:07 den 30 oktober 2015: http://www.folkuniversitetet.se/Kursanmalan/?arrid=153516  ,reached 100 visits. Blocking that page
08:59:08 den 30 oktober 2015: http://www.folkuniversitetet.se/Kursanmalan/?arrid=151191  ,reached 100 visits. Blocking that page
08:59:08 den 30 oktober 2015: http://www.folkuniversitetet.se/Kursanmalan/?arrid=154913  ,reached 100 visits. Blocking that page
08:59:14 den 30 oktober 2015: http://maps.google.com/maps?q=Birger+Svenssons+v%c3%a4g+28+D%2c+Varberg%2c+Sverige  ,reached 100 visits. Blocking that page
08:59:14 den 30 oktober 2015: http://maps.google.com/maps?q=Vimmerby%2c+Sverige  ,reached 100 visits. Blocking that page
08:59:16 den 30 oktober 2015: http://www.folkuniversitetet.se/Kursanmalan/?arrid=165456  ,reached 100 visits. Blocking that page
08:59:17 den 30 oktober 2015: http://www.folkuniversitetet.se/Kursanmalan/?arrid=165420  ,reached 100 visits. Blocking that page
08:59:17 den 30 oktober 2015: http://www.folkuniversitetet.se/Kursanmalan/?arrid=162036  ,reached 100 visits. Blocking that page
08:59:17 den 30 oktober 2015: http://www.folkuniversitetet.se/Kursanmalan/?arrid=151827  ,reached 100 visits. Blocking that page
08:59:18 den 30 oktober 2015: http://www.folkuniversitetet.se/Kursanmalan/?arrid=165931  ,reached 100 visits. Blocking that page
08:59:19 den 30 oktober 2015: http://www.folkuniversitetet.se/Kursanmalan/?arrid=165924  ,reached 100 visits. Blocking that page
08:59:20 den 30 oktober 2015: http://www.folkuniversitetet.se/Kursanmalan/?arrid=165938  ,reached 100 visits. Blocking that page
08:59:21 den 30 oktober 2015: http://www.folkuniversitetet.se/Kursanmalan/?arrid=165839  ,reached 100 visits. Blocking that page
08:59:21 den 30 oktober 2015: http://www.folkuniversitetet.se/Kursanmalan/?arrid=165852  ,reached 100 visits. Blocking that page
08:59:22 den 30 oktober 2015: http://www.folkuniversitetet.se/Kursanmalan/?arrid=152259  ,reached 100 visits. Blocking that page
08:59:22 den 30 oktober 2015: http://www.folkuniversitetet.se/Kursanmalan/?arrid=152513  ,reached 100 visits. Blocking that page
08:59:23 den 30 oktober 2015: http://www.folkuniversitetet.se/Kursanmalan/?arrid=152502  ,reached 100 visits. Blocking that page
08:59:24 den 30 oktober 2015: http://www.folkuniversitetet.se/Kursanmalan/?arrid=152499  ,reached 100 visits. Blocking that page
08:59:24 den 30 oktober 2015: http://www.folkuniversitetet.se/Kursanmalan/?arrid=152505  ,reached 100 visits. Blocking that page
08:59:25 den 30 oktober 2015: http://www.folkuniversitetet.se/Kursanmalan/?arrid=152511  ,reached 100 visits. Blocking that page
08:59:25 den 30 oktober 2015: http://www.folkuniversitetet.se/Kursanmalan/?arrid=152510  ,reached 100 visits. Blocking that page
